# JRE version: OpenJDK Runtime Environment (8.0_302-b08) (build 1.8.0_302-b08)
# Java VM: OpenJDK 64-Bit Server VM (25.302-b08 mixed mode windows-amd64 compressed oops)
Heap:
 PSYoungGen      total 273920K, used 185078K [0x00000000d5580000, 0x00000000ecd80000, 0x0000000100000000)
  eden space 251392K, 64% used [0x00000000d5580000,0x00000000df48de80,0x00000000e4b00000)
  from space 22528K, 98% used [0x00000000e4b00000,0x00000000e60afbe0,0x00000000e6100000)
  to   space 26112K, 0% used [0x00000000eb400000,0x00000000eb400000,0x00000000ecd80000)
 ParOldGen       total 132608K, used 38474K [0x0000000080000000, 0x0000000088180000, 0x00000000d5580000)
  object space 132608K, 29% used [0x0000000080000000,0x0000000082592b58,0x0000000088180000)
 Metaspace       used 81125K, capacity 86294K, committed 86528K, reserved 1124352K
  class space    used 11307K, capacity 12267K, committed 12288K, reserved 1048576K
GC Heap History (10 events):
Event: 3.573 GC heap before
{Heap before GC invocations=10 (full 2):
 PSYoungGen      total 214016K, used 9461K [0x00000000d5580000, 0x00000000e3780000, 0x0000000100000000)
  eden space 199680K, 0% used [0x00000000d5580000,0x00000000d5580000,0x00000000e1880000)
  from space 14336K, 66% used [0x00000000e2680000,0x00000000e2fbd7b8,0x00000000e3480000)
  to   space 14336K, 0% used [0x00000000e1880000,0x00000000e1880000,0x00000000e2680000)
 ParOldGen       total 56320K, used 10264K [0x0000000080000000, 0x0000000083700000, 0x00000000d5580000)
  object space 56320K, 18% used [0x0000000080000000,0x0000000080a061d8,0x0000000083700000)
 Metaspace       used 34059K, capacity 35396K, committed 35416K, reserved 1079296K
  class space    used 4775K, capacity 5105K, committed 5120K, reserved 1048576K
Event: 3.618 GC heap after
Heap after GC invocations=10 (full 2):
 PSYoungGen      total 214016K, used 0K [0x00000000d5580000, 0x00000000e3780000, 0x0000000100000000)
  eden space 199680K, 0% used [0x00000000d5580000,0x00000000d5580000,0x00000000e1880000)
  from space 14336K, 0% used [0x00000000e2680000,0x00000000e2680000,0x00000000e3480000)
  to   space 14336K, 0% used [0x00000000e1880000,0x00000000e1880000,0x00000000e2680000)
 ParOldGen       total 84992K, used 16084K [0x0000000080000000, 0x0000000085300000, 0x00000000d5580000)
  object space 84992K, 18% used [0x0000000080000000,0x0000000080fb51e0,0x0000000085300000)
 Metaspace       used 34059K, capacity 35396K, committed 35416K, reserved 1079296K
  class space    used 4775K, capacity 5105K, committed 5120K, reserved 1048576K
}
Event: 4.858 GC heap before
{Heap before GC invocations=11 (full 2):
 PSYoungGen      total 214016K, used 199680K [0x00000000d5580000, 0x00000000e3780000, 0x0000000100000000)
  eden space 199680K, 100% used [0x00000000d5580000,0x00000000e1880000,0x00000000e1880000)
  from space 14336K, 0% used [0x00000000e2680000,0x00000000e2680000,0x00000000e3480000)
  to   space 14336K, 0% used [0x00000000e1880000,0x00000000e1880000,0x00000000e2680000)
 ParOldGen       total 84992K, used 16084K [0x0000000080000000, 0x0000000085300000, 0x00000000d5580000)
  object space 84992K, 18% used [0x0000000080000000,0x0000000080fb51e0,0x0000000085300000)
 Metaspace       used 44618K, capacity 46852K, committed 47104K, reserved 1089536K
  class space    used 6159K, capacity 6578K, committed 6656K, reserved 1048576K
Event: 4.879 GC heap after
Heap after GC invocations=11 (full 2):
 PSYoungGen      total 214016K, used 14319K [0x00000000d5580000, 0x00000000e7200000, 0x0000000100000000)
  eden space 199680K, 0% used [0x00000000d5580000,0x00000000d5580000,0x00000000e1880000)
  from space 14336K, 99% used [0x00000000e1880000,0x00000000e267bc70,0x00000000e2680000)
  to   space 17408K, 0% used [0x00000000e6100000,0x00000000e6100000,0x00000000e7200000)
 ParOldGen       total 84992K, used 18644K [0x0000000080000000, 0x0000000085300000, 0x00000000d5580000)
  object space 84992K, 21% used [0x0000000080000000,0x00000000812350f0,0x0000000085300000)
 Metaspace       used 44618K, capacity 46852K, committed 47104K, reserved 1089536K
  class space    used 6159K, capacity 6578K, committed 6656K, reserved 1048576K
}
Event: 6.184 GC heap before
{Heap before GC invocations=12 (full 2):
 PSYoungGen      total 214016K, used 165994K [0x00000000d5580000, 0x00000000e7200000, 0x0000000100000000)
  eden space 199680K, 75% used [0x00000000d5580000,0x00000000de99ed20,0x00000000e1880000)
  from space 14336K, 99% used [0x00000000e1880000,0x00000000e267bc70,0x00000000e2680000)
  to   space 17408K, 0% used [0x00000000e6100000,0x00000000e6100000,0x00000000e7200000)
 ParOldGen       total 84992K, used 18644K [0x0000000080000000, 0x0000000085300000, 0x00000000d5580000)
  object space 84992K, 21% used [0x0000000080000000,0x00000000812350f0,0x0000000085300000)
 Metaspace       used 56324K, capacity 58880K, committed 59028K, reserved 1099776K
  class space    used 7891K, capacity 8388K, committed 8448K, reserved 1048576K
Event: 6.212 GC heap after
Heap after GC invocations=12 (full 2):
 PSYoungGen      total 268800K, used 17380K [0x00000000d5580000, 0x00000000e7d00000, 0x0000000100000000)
  eden space 251392K, 0% used [0x00000000d5580000,0x00000000d5580000,0x00000000e4b00000)
  from space 17408K, 99% used [0x00000000e6100000,0x00000000e71f9310,0x00000000e7200000)
  to   space 22528K, 0% used [0x00000000e4b00000,0x00000000e4b00000,0x00000000e6100000)
 ParOldGen       total 84992K, used 26838K [0x0000000080000000, 0x0000000085300000, 0x00000000d5580000)
  object space 84992K, 31% used [0x0000000080000000,0x0000000081a35808,0x0000000085300000)
 Metaspace       used 56324K, capacity 58880K, committed 59028K, reserved 1099776K
  class space    used 7891K, capacity 8388K, committed 8448K, reserved 1048576K
}
Event: 6.212 GC heap before
{Heap before GC invocations=13 (full 3):
 PSYoungGen      total 268800K, used 17380K [0x00000000d5580000, 0x00000000e7d00000, 0x0000000100000000)
  eden space 251392K, 0% used [0x00000000d5580000,0x00000000d5580000,0x00000000e4b00000)
  from space 17408K, 99% used [0x00000000e6100000,0x00000000e71f9310,0x00000000e7200000)
  to   space 22528K, 0% used [0x00000000e4b00000,0x00000000e4b00000,0x00000000e6100000)
 ParOldGen       total 84992K, used 26838K [0x0000000080000000, 0x0000000085300000, 0x00000000d5580000)
  object space 84992K, 31% used [0x0000000080000000,0x0000000081a35808,0x0000000085300000)
 Metaspace       used 56324K, capacity 58880K, committed 59028K, reserved 1099776K
  class space    used 7891K, capacity 8388K, committed 8448K, reserved 1048576K
Event: 6.331 GC heap after
Heap after GC invocations=13 (full 3):
 PSYoungGen      total 268800K, used 0K [0x00000000d5580000, 0x00000000e7d00000, 0x0000000100000000)
  eden space 251392K, 0% used [0x00000000d5580000,0x00000000d5580000,0x00000000e4b00000)
  from space 17408K, 0% used [0x00000000e6100000,0x00000000e6100000,0x00000000e7200000)
  to   space 22528K, 0% used [0x00000000e4b00000,0x00000000e4b00000,0x00000000e6100000)
 ParOldGen       total 132608K, used 38402K [0x0000000080000000, 0x0000000088180000, 0x00000000d5580000)
  object space 132608K, 28% used [0x0000000080000000,0x0000000082580b48,0x0000000088180000)
 Metaspace       used 56217K, capacity 58520K, committed 59028K, reserved 1099776K
  class space    used 7858K, capacity 8328K, committed 8448K, reserved 1048576K
}
Event: 8.760 GC heap before
{Heap before GC invocations=14 (full 3):
 PSYoungGen      total 268800K, used 251392K [0x00000000d5580000, 0x00000000e7d00000, 0x0000000100000000)
  eden space 251392K, 100% used [0x00000000d5580000,0x00000000e4b00000,0x00000000e4b00000)
  from space 17408K, 0% used [0x00000000e6100000,0x00000000e6100000,0x00000000e7200000)
  to   space 22528K, 0% used [0x00000000e4b00000,0x00000000e4b00000,0x00000000e6100000)
 ParOldGen       total 132608K, used 38402K [0x0000000080000000, 0x0000000088180000, 0x00000000d5580000)
  object space 132608K, 28% used [0x0000000080000000,0x0000000082580b48,0x0000000088180000)
 Metaspace       used 73500K, capacity 76536K, committed 76672K, reserved 1116160K
  class space    used 10241K, capacity 10811K, committed 10880K, reserved 1048576K
Event: 8.967 GC heap after
Heap after GC invocations=14 (full 3):
 PSYoungGen      total 273920K, used 22206K [0x00000000d5580000, 0x00000000ecd80000, 0x0000000100000000)
  eden space 251392K, 0% used [0x00000000d5580000,0x00000000d5580000,0x00000000e4b00000)
  from space 22528K, 98% used [0x00000000e4b00000,0x00000000e60afbe0,0x00000000e6100000)
  to   space 26112K, 0% used [0x00000000eb400000,0x00000000eb400000,0x00000000ecd80000)
 ParOldGen       total 132608K, used 38474K [0x0000000080000000, 0x0000000088180000, 0x00000000d5580000)
  object space 132608K, 29% used [0x0000000080000000,0x0000000082592b58,0x0000000088180000)
 Metaspace       used 73500K, capacity 76536K, committed 76672K, reserved 1116160K
  class space    used 10241K, capacity 10811K, committed 10880K, reserved 1048576K
}

