# JRE version: OpenJDK Runtime Environment (8.0_302-b08) (build 1.8.0_302-b08)
# Java VM: OpenJDK 64-Bit Server VM (25.302-b08 mixed mode windows-amd64 compressed oops)
Heap:
 PSYoungGen      total 274944K, used 232374K [0x00000000d5580000, 0x00000000ebf00000, 0x0000000100000000)
  eden space 251904K, 83% used [0x00000000d5580000,0x00000000e2272a68,0x00000000e4b80000)
  from space 23040K, 97% used [0x00000000e4b80000,0x00000000e617b078,0x00000000e6200000)
  to   space 26112K, 0% used [0x00000000ea580000,0x00000000ea580000,0x00000000ebf00000)
 ParOldGen       total 131072K, used 38706K [0x0000000080000000, 0x0000000088000000, 0x00000000d5580000)
  object space 131072K, 29% used [0x0000000080000000,0x00000000825cc8a8,0x0000000088000000)
 Metaspace       used 84231K, capacity 89590K, committed 89856K, reserved 1126400K
  class space    used 11726K, capacity 12722K, committed 12800K, reserved 1048576K
GC Heap History (10 events):
Event: 3.713 GC heap before
{Heap before GC invocations=10 (full 2):
 PSYoungGen      total 212480K, used 9446K [0x00000000d5580000, 0x00000000e3680000, 0x0000000100000000)
  eden space 198144K, 0% used [0x00000000d5580000,0x00000000d5580000,0x00000000e1700000)
  from space 14336K, 65% used [0x00000000e2500000,0x00000000e2e39ad0,0x00000000e3300000)
  to   space 14336K, 0% used [0x00000000e1700000,0x00000000e1700000,0x00000000e2500000)
 ParOldGen       total 56320K, used 10238K [0x0000000080000000, 0x0000000083700000, 0x00000000d5580000)
  object space 56320K, 18% used [0x0000000080000000,0x00000000809ffb68,0x0000000083700000)
 Metaspace       used 34057K, capacity 35396K, committed 35416K, reserved 1079296K
  class space    used 4774K, capacity 5105K, committed 5120K, reserved 1048576K
Event: 3.748 GC heap after
Heap after GC invocations=10 (full 2):
 PSYoungGen      total 212480K, used 0K [0x00000000d5580000, 0x00000000e3680000, 0x0000000100000000)
  eden space 198144K, 0% used [0x00000000d5580000,0x00000000d5580000,0x00000000e1700000)
  from space 14336K, 0% used [0x00000000e2500000,0x00000000e2500000,0x00000000e3300000)
  to   space 14336K, 0% used [0x00000000e1700000,0x00000000e1700000,0x00000000e2500000)
 ParOldGen       total 83968K, used 16130K [0x0000000080000000, 0x0000000085200000, 0x00000000d5580000)
  object space 83968K, 19% used [0x0000000080000000,0x0000000080fc08b8,0x0000000085200000)
 Metaspace       used 34057K, capacity 35396K, committed 35416K, reserved 1079296K
  class space    used 4774K, capacity 5105K, committed 5120K, reserved 1048576K
}
Event: 5.222 GC heap before
{Heap before GC invocations=11 (full 2):
 PSYoungGen      total 212480K, used 198144K [0x00000000d5580000, 0x00000000e3680000, 0x0000000100000000)
  eden space 198144K, 100% used [0x00000000d5580000,0x00000000e1700000,0x00000000e1700000)
  from space 14336K, 0% used [0x00000000e2500000,0x00000000e2500000,0x00000000e3300000)
  to   space 14336K, 0% used [0x00000000e1700000,0x00000000e1700000,0x00000000e2500000)
 ParOldGen       total 83968K, used 16130K [0x0000000080000000, 0x0000000085200000, 0x00000000d5580000)
  object space 83968K, 19% used [0x0000000080000000,0x0000000080fc08b8,0x0000000085200000)
 Metaspace       used 44413K, capacity 46578K, committed 46848K, reserved 1089536K
  class space    used 6131K, capacity 6537K, committed 6656K, reserved 1048576K
Event: 5.245 GC heap after
Heap after GC invocations=11 (full 2):
 PSYoungGen      total 212480K, used 14331K [0x00000000d5580000, 0x00000000e7300000, 0x0000000100000000)
  eden space 198144K, 0% used [0x00000000d5580000,0x00000000d5580000,0x00000000e1700000)
  from space 14336K, 99% used [0x00000000e1700000,0x00000000e24feca0,0x00000000e2500000)
  to   space 17408K, 0% used [0x00000000e6200000,0x00000000e6200000,0x00000000e7300000)
 ParOldGen       total 83968K, used 18481K [0x0000000080000000, 0x0000000085200000, 0x00000000d5580000)
  object space 83968K, 22% used [0x0000000080000000,0x000000008120c700,0x0000000085200000)
 Metaspace       used 44413K, capacity 46578K, committed 46848K, reserved 1089536K
  class space    used 6131K, capacity 6537K, committed 6656K, reserved 1048576K
}
Event: 6.730 GC heap before
{Heap before GC invocations=12 (full 2):
 PSYoungGen      total 212480K, used 170121K [0x00000000d5580000, 0x00000000e7300000, 0x0000000100000000)
  eden space 198144K, 78% used [0x00000000d5580000,0x00000000deda3930,0x00000000e1700000)
  from space 14336K, 99% used [0x00000000e1700000,0x00000000e24feca0,0x00000000e2500000)
  to   space 17408K, 0% used [0x00000000e6200000,0x00000000e6200000,0x00000000e7300000)
 ParOldGen       total 83968K, used 18481K [0x0000000080000000, 0x0000000085200000, 0x00000000d5580000)
  object space 83968K, 22% used [0x0000000080000000,0x000000008120c700,0x0000000085200000)
 Metaspace       used 56358K, capacity 58926K, committed 59028K, reserved 1099776K
  class space    used 7893K, capacity 8411K, committed 8448K, reserved 1048576K
Event: 6.780 GC heap after
Heap after GC invocations=12 (full 2):
 PSYoungGen      total 269312K, used 17396K [0x00000000d5580000, 0x00000000e8480000, 0x0000000100000000)
  eden space 251904K, 0% used [0x00000000d5580000,0x00000000d5580000,0x00000000e4b80000)
  from space 17408K, 99% used [0x00000000e6200000,0x00000000e72fd320,0x00000000e7300000)
  to   space 23040K, 0% used [0x00000000e4b80000,0x00000000e4b80000,0x00000000e6200000)
 ParOldGen       total 83968K, used 26862K [0x0000000080000000, 0x0000000085200000, 0x00000000d5580000)
  object space 83968K, 31% used [0x0000000080000000,0x0000000081a3bad0,0x0000000085200000)
 Metaspace       used 56358K, capacity 58926K, committed 59028K, reserved 1099776K
  class space    used 7893K, capacity 8411K, committed 8448K, reserved 1048576K
}
Event: 6.780 GC heap before
{Heap before GC invocations=13 (full 3):
 PSYoungGen      total 269312K, used 17396K [0x00000000d5580000, 0x00000000e8480000, 0x0000000100000000)
  eden space 251904K, 0% used [0x00000000d5580000,0x00000000d5580000,0x00000000e4b80000)
  from space 17408K, 99% used [0x00000000e6200000,0x00000000e72fd320,0x00000000e7300000)
  to   space 23040K, 0% used [0x00000000e4b80000,0x00000000e4b80000,0x00000000e6200000)
 ParOldGen       total 83968K, used 26862K [0x0000000080000000, 0x0000000085200000, 0x00000000d5580000)
  object space 83968K, 31% used [0x0000000080000000,0x0000000081a3bad0,0x0000000085200000)
 Metaspace       used 56358K, capacity 58926K, committed 59028K, reserved 1099776K
  class space    used 7893K, capacity 8411K, committed 8448K, reserved 1048576K
Event: 6.950 GC heap after
Heap after GC invocations=13 (full 3):
 PSYoungGen      total 269312K, used 0K [0x00000000d5580000, 0x00000000e8480000, 0x0000000100000000)
  eden space 251904K, 0% used [0x00000000d5580000,0x00000000d5580000,0x00000000e4b80000)
  from space 17408K, 0% used [0x00000000e6200000,0x00000000e6200000,0x00000000e7300000)
  to   space 23040K, 0% used [0x00000000e4b80000,0x00000000e4b80000,0x00000000e6200000)
 ParOldGen       total 131072K, used 38634K [0x0000000080000000, 0x0000000088000000, 0x00000000d5580000)
  object space 131072K, 29% used [0x0000000080000000,0x00000000825ba898,0x0000000088000000)
 Metaspace       used 56266K, capacity 58620K, committed 59028K, reserved 1099776K
  class space    used 7865K, capacity 8360K, committed 8448K, reserved 1048576K
}
Event: 9.317 GC heap before
{Heap before GC invocations=14 (full 3):
 PSYoungGen      total 269312K, used 251904K [0x00000000d5580000, 0x00000000e8480000, 0x0000000100000000)
  eden space 251904K, 100% used [0x00000000d5580000,0x00000000e4b80000,0x00000000e4b80000)
  from space 17408K, 0% used [0x00000000e6200000,0x00000000e6200000,0x00000000e7300000)
  to   space 23040K, 0% used [0x00000000e4b80000,0x00000000e4b80000,0x00000000e6200000)
 ParOldGen       total 131072K, used 38634K [0x0000000080000000, 0x0000000088000000, 0x00000000d5580000)
  object space 131072K, 29% used [0x0000000080000000,0x00000000825ba898,0x0000000088000000)
 Metaspace       used 71957K, capacity 75078K, committed 75264K, reserved 1114112K
  class space    used 10100K, capacity 10707K, committed 10752K, reserved 1048576K
Event: 9.392 GC heap after
Heap after GC invocations=14 (full 3):
 PSYoungGen      total 274944K, used 22508K [0x00000000d5580000, 0x00000000ebf00000, 0x0000000100000000)
  eden space 251904K, 0% used [0x00000000d5580000,0x00000000d5580000,0x00000000e4b80000)
  from space 23040K, 97% used [0x00000000e4b80000,0x00000000e617b078,0x00000000e6200000)
  to   space 26112K, 0% used [0x00000000ea580000,0x00000000ea580000,0x00000000ebf00000)
 ParOldGen       total 131072K, used 38706K [0x0000000080000000, 0x0000000088000000, 0x00000000d5580000)
  object space 131072K, 29% used [0x0000000080000000,0x00000000825cc8a8,0x0000000088000000)
 Metaspace       used 71957K, capacity 75078K, committed 75264K, reserved 1114112K
  class space    used 10100K, capacity 10707K, committed 10752K, reserved 1048576K
}

