# JRE version: OpenJDK Runtime Environment (8.0_302-b08) (build 1.8.0_302-b08)
# Java VM: OpenJDK 64-Bit Server VM (25.302-b08 mixed mode windows-amd64 compressed oops)
Heap:
 PSYoungGen      total 66560K, used 46194K [0x00000000d5580000, 0x00000000d9b80000, 0x0000000100000000)
  eden space 61440K, 67% used [0x00000000d5580000,0x00000000d7df5370,0x00000000d9180000)
  from space 5120K, 93% used [0x00000000d9680000,0x00000000d9b276d0,0x00000000d9b80000)
  to   space 5120K, 0% used [0x00000000d9180000,0x00000000d9180000,0x00000000d9680000)
 ParOldGen       total 81920K, used 14380K [0x0000000080000000, 0x0000000085000000, 0x00000000d5580000)
  object space 81920K, 17% used [0x0000000080000000,0x0000000080e0b3d0,0x0000000085000000)
 Metaspace       used 38257K, capacity 40100K, committed 40320K, reserved 1083392K
  class space    used 5357K, capacity 5719K, committed 5760K, reserved 1048576K
GC Heap History (10 events):
Event: 2.144 GC heap before
{Heap before GC invocations=8 (full 1):
 PSYoungGen      total 66560K, used 61440K [0x00000000d5580000, 0x00000000d9b80000, 0x0000000100000000)
  eden space 61440K, 100% used [0x00000000d5580000,0x00000000d9180000,0x00000000d9180000)
  from space 5120K, 0% used [0x00000000d9680000,0x00000000d9680000,0x00000000d9b80000)
  to   space 5120K, 0% used [0x00000000d9180000,0x00000000d9180000,0x00000000d9680000)
 ParOldGen       total 56320K, used 9290K [0x0000000080000000, 0x0000000083700000, 0x00000000d5580000)
  object space 56320K, 16% used [0x0000000080000000,0x0000000080912ad0,0x0000000083700000)
 Metaspace       used 25518K, capacity 26338K, committed 26496K, reserved 1071104K
  class space    used 3719K, capacity 3921K, committed 3968K, reserved 1048576K
Event: 2.149 GC heap after
Heap after GC invocations=8 (full 1):
 PSYoungGen      total 66560K, used 5115K [0x00000000d5580000, 0x00000000d9b80000, 0x0000000100000000)
  eden space 61440K, 0% used [0x00000000d5580000,0x00000000d5580000,0x00000000d9180000)
  from space 5120K, 99% used [0x00000000d9180000,0x00000000d967ec50,0x00000000d9680000)
  to   space 5120K, 0% used [0x00000000d9680000,0x00000000d9680000,0x00000000d9b80000)
 ParOldGen       total 56320K, used 10529K [0x0000000080000000, 0x0000000083700000, 0x00000000d5580000)
  object space 56320K, 18% used [0x0000000080000000,0x0000000080a48460,0x0000000083700000)
 Metaspace       used 25518K, capacity 26338K, committed 26496K, reserved 1071104K
  class space    used 3719K, capacity 3921K, committed 3968K, reserved 1048576K
}
Event: 2.542 GC heap before
{Heap before GC invocations=9 (full 1):
 PSYoungGen      total 66560K, used 66555K [0x00000000d5580000, 0x00000000d9b80000, 0x0000000100000000)
  eden space 61440K, 100% used [0x00000000d5580000,0x00000000d9180000,0x00000000d9180000)
  from space 5120K, 99% used [0x00000000d9180000,0x00000000d967ec50,0x00000000d9680000)
  to   space 5120K, 0% used [0x00000000d9680000,0x00000000d9680000,0x00000000d9b80000)
 ParOldGen       total 56320K, used 10529K [0x0000000080000000, 0x0000000083700000, 0x00000000d5580000)
  object space 56320K, 18% used [0x0000000080000000,0x0000000080a48460,0x0000000083700000)
 Metaspace       used 32431K, capacity 33452K, committed 33536K, reserved 1077248K
  class space    used 4586K, capacity 4821K, committed 4864K, reserved 1048576K
Event: 2.548 GC heap after
Heap after GC invocations=9 (full 1):
 PSYoungGen      total 66560K, used 5119K [0x00000000d5580000, 0x00000000d9b80000, 0x0000000100000000)
  eden space 61440K, 0% used [0x00000000d5580000,0x00000000d5580000,0x00000000d9180000)
  from space 5120K, 99% used [0x00000000d9680000,0x00000000d9b7fc10,0x00000000d9b80000)
  to   space 5120K, 0% used [0x00000000d9180000,0x00000000d9180000,0x00000000d9680000)
 ParOldGen       total 56320K, used 14376K [0x0000000080000000, 0x0000000083700000, 0x00000000d5580000)
  object space 56320K, 25% used [0x0000000080000000,0x0000000080e0a068,0x0000000083700000)
 Metaspace       used 32431K, capacity 33452K, committed 33536K, reserved 1077248K
  class space    used 4586K, capacity 4821K, committed 4864K, reserved 1048576K
}
Event: 2.697 GC heap before
{Heap before GC invocations=10 (full 1):
 PSYoungGen      total 66560K, used 36141K [0x00000000d5580000, 0x00000000d9b80000, 0x0000000100000000)
  eden space 61440K, 50% used [0x00000000d5580000,0x00000000d73cb920,0x00000000d9180000)
  from space 5120K, 99% used [0x00000000d9680000,0x00000000d9b7fc10,0x00000000d9b80000)
  to   space 5120K, 0% used [0x00000000d9180000,0x00000000d9180000,0x00000000d9680000)
 ParOldGen       total 56320K, used 14376K [0x0000000080000000, 0x0000000083700000, 0x00000000d5580000)
  object space 56320K, 25% used [0x0000000080000000,0x0000000080e0a068,0x0000000083700000)
 Metaspace       used 34228K, capacity 35330K, committed 35496K, reserved 1079296K
  class space    used 4785K, capacity 5010K, committed 5120K, reserved 1048576K
Event: 2.704 GC heap after
Heap after GC invocations=10 (full 1):
 PSYoungGen      total 66560K, used 5120K [0x00000000d5580000, 0x00000000d9b80000, 0x0000000100000000)
  eden space 61440K, 0% used [0x00000000d5580000,0x00000000d5580000,0x00000000d9180000)
  from space 5120K, 100% used [0x00000000d9180000,0x00000000d9680000,0x00000000d9680000)
  to   space 5120K, 0% used [0x00000000d9680000,0x00000000d9680000,0x00000000d9b80000)
 ParOldGen       total 56320K, used 16591K [0x0000000080000000, 0x0000000083700000, 0x00000000d5580000)
  object space 56320K, 29% used [0x0000000080000000,0x0000000081033d50,0x0000000083700000)
 Metaspace       used 34228K, capacity 35330K, committed 35496K, reserved 1079296K
  class space    used 4785K, capacity 5010K, committed 5120K, reserved 1048576K
}
Event: 2.704 GC heap before
{Heap before GC invocations=11 (full 2):
 PSYoungGen      total 66560K, used 5120K [0x00000000d5580000, 0x00000000d9b80000, 0x0000000100000000)
  eden space 61440K, 0% used [0x00000000d5580000,0x00000000d5580000,0x00000000d9180000)
  from space 5120K, 100% used [0x00000000d9180000,0x00000000d9680000,0x00000000d9680000)
  to   space 5120K, 0% used [0x00000000d9680000,0x00000000d9680000,0x00000000d9b80000)
 ParOldGen       total 56320K, used 16591K [0x0000000080000000, 0x0000000083700000, 0x00000000d5580000)
  object space 56320K, 29% used [0x0000000080000000,0x0000000081033d50,0x0000000083700000)
 Metaspace       used 34228K, capacity 35330K, committed 35496K, reserved 1079296K
  class space    used 4785K, capacity 5010K, committed 5120K, reserved 1048576K
Event: 2.738 GC heap after
Heap after GC invocations=11 (full 2):
 PSYoungGen      total 66560K, used 0K [0x00000000d5580000, 0x00000000d9b80000, 0x0000000100000000)
  eden space 61440K, 0% used [0x00000000d5580000,0x00000000d5580000,0x00000000d9180000)
  from space 5120K, 0% used [0x00000000d9180000,0x00000000d9180000,0x00000000d9680000)
  to   space 5120K, 0% used [0x00000000d9680000,0x00000000d9680000,0x00000000d9b80000)
 ParOldGen       total 81920K, used 14372K [0x0000000080000000, 0x0000000085000000, 0x00000000d5580000)
  object space 81920K, 17% used [0x0000000080000000,0x0000000080e093d0,0x0000000085000000)
 Metaspace       used 34228K, capacity 35330K, committed 35496K, reserved 1079296K
  class space    used 4785K, capacity 5010K, committed 5120K, reserved 1048576K
}
Event: 3.102 GC heap before
{Heap before GC invocations=12 (full 2):
 PSYoungGen      total 66560K, used 61440K [0x00000000d5580000, 0x00000000d9b80000, 0x0000000100000000)
  eden space 61440K, 100% used [0x00000000d5580000,0x00000000d9180000,0x00000000d9180000)
  from space 5120K, 0% used [0x00000000d9180000,0x00000000d9180000,0x00000000d9680000)
  to   space 5120K, 0% used [0x00000000d9680000,0x00000000d9680000,0x00000000d9b80000)
 ParOldGen       total 81920K, used 14372K [0x0000000080000000, 0x0000000085000000, 0x00000000d5580000)
  object space 81920K, 17% used [0x0000000080000000,0x0000000080e093d0,0x0000000085000000)
 Metaspace       used 37126K, capacity 38556K, committed 38784K, reserved 1083392K
  class space    used 5204K, capacity 5499K, committed 5504K, reserved 1048576K
Event: 3.106 GC heap after
Heap after GC invocations=12 (full 2):
 PSYoungGen      total 66560K, used 4765K [0x00000000d5580000, 0x00000000d9b80000, 0x0000000100000000)
  eden space 61440K, 0% used [0x00000000d5580000,0x00000000d5580000,0x00000000d9180000)
  from space 5120K, 93% used [0x00000000d9680000,0x00000000d9b276d0,0x00000000d9b80000)
  to   space 5120K, 0% used [0x00000000d9180000,0x00000000d9180000,0x00000000d9680000)
 ParOldGen       total 81920K, used 14380K [0x0000000080000000, 0x0000000085000000, 0x00000000d5580000)
  object space 81920K, 17% used [0x0000000080000000,0x0000000080e0b3d0,0x0000000085000000)
 Metaspace       used 37126K, capacity 38556K, committed 38784K, reserved 1083392K
  class space    used 5204K, capacity 5499K, committed 5504K, reserved 1048576K
}

