# JRE version: OpenJDK Runtime Environment (8.0_302-b08) (build 1.8.0_302-b08)
# Java VM: OpenJDK 64-Bit Server VM (25.302-b08 mixed mode windows-amd64 compressed oops)
Heap:
 PSYoungGen      total 336384K, used 214346K [0x00000000d5580000, 0x00000000f1100000, 0x0000000100000000)
  eden space 318464K, 67% used [0x00000000d5580000,0x00000000e26d2ab0,0x00000000e8c80000)
  from space 17920K, 0% used [0x00000000e8c80000,0x00000000e8c80000,0x00000000e9e00000)
  to   space 23040K, 0% used [0x00000000efa80000,0x00000000efa80000,0x00000000f1100000)
 ParOldGen       total 86528K, used 36378K [0x0000000080000000, 0x0000000085480000, 0x00000000d5580000)
  object space 86528K, 42% used [0x0000000080000000,0x0000000082386958,0x0000000085480000)
 Metaspace       used 67509K, capacity 71530K, committed 71680K, reserved 1110016K
  class space    used 9448K, capacity 10140K, committed 10240K, reserved 1048576K
GC Heap History (10 events):
Event: 3.060 GC heap before
{Heap before GC invocations=8 (full 1):
 PSYoungGen      total 206848K, used 47660K [0x00000000d5580000, 0x00000000e5d80000, 0x0000000100000000)
  eden space 194560K, 18% used [0x00000000d5580000,0x00000000d7813210,0x00000000e1380000)
  from space 12288K, 99% used [0x00000000e5180000,0x00000000e5d780d0,0x00000000e5d80000)
  to   space 14848K, 0% used [0x00000000e4080000,0x00000000e4080000,0x00000000e4f00000)
 ParOldGen       total 59392K, used 10334K [0x0000000080000000, 0x0000000083a00000, 0x00000000d5580000)
  object space 59392K, 17% used [0x0000000080000000,0x0000000080a17a00,0x0000000083a00000)
 Metaspace       used 34218K, capacity 35330K, committed 35496K, reserved 1079296K
  class space    used 4780K, capacity 5010K, committed 5120K, reserved 1048576K
Event: 3.068 GC heap after
Heap after GC invocations=8 (full 1):
 PSYoungGen      total 255488K, used 7657K [0x00000000d5580000, 0x00000000eab80000, 0x0000000100000000)
  eden space 240640K, 0% used [0x00000000d5580000,0x00000000d5580000,0x00000000e4080000)
  from space 14848K, 51% used [0x00000000e4080000,0x00000000e47fa488,0x00000000e4f00000)
  to   space 13824K, 0% used [0x00000000e9e00000,0x00000000e9e00000,0x00000000eab80000)
 ParOldGen       total 59392K, used 10342K [0x0000000080000000, 0x0000000083a00000, 0x00000000d5580000)
  object space 59392K, 17% used [0x0000000080000000,0x0000000080a19a00,0x0000000083a00000)
 Metaspace       used 34218K, capacity 35330K, committed 35496K, reserved 1079296K
  class space    used 4780K, capacity 5010K, committed 5120K, reserved 1048576K
}
Event: 3.068 GC heap before
{Heap before GC invocations=9 (full 2):
 PSYoungGen      total 255488K, used 7657K [0x00000000d5580000, 0x00000000eab80000, 0x0000000100000000)
  eden space 240640K, 0% used [0x00000000d5580000,0x00000000d5580000,0x00000000e4080000)
  from space 14848K, 51% used [0x00000000e4080000,0x00000000e47fa488,0x00000000e4f00000)
  to   space 13824K, 0% used [0x00000000e9e00000,0x00000000e9e00000,0x00000000eab80000)
 ParOldGen       total 59392K, used 10342K [0x0000000080000000, 0x0000000083a00000, 0x00000000d5580000)
  object space 59392K, 17% used [0x0000000080000000,0x0000000080a19a00,0x0000000083a00000)
 Metaspace       used 34218K, capacity 35330K, committed 35496K, reserved 1079296K
  class space    used 4780K, capacity 5010K, committed 5120K, reserved 1048576K
Event: 3.110 GC heap after
Heap after GC invocations=9 (full 2):
 PSYoungGen      total 255488K, used 0K [0x00000000d5580000, 0x00000000eab80000, 0x0000000100000000)
  eden space 240640K, 0% used [0x00000000d5580000,0x00000000d5580000,0x00000000e4080000)
  from space 14848K, 0% used [0x00000000e4080000,0x00000000e4080000,0x00000000e4f00000)
  to   space 13824K, 0% used [0x00000000e9e00000,0x00000000e9e00000,0x00000000eab80000)
 ParOldGen       total 86528K, used 14316K [0x0000000080000000, 0x0000000085480000, 0x00000000d5580000)
  object space 86528K, 16% used [0x0000000080000000,0x0000000080dfb270,0x0000000085480000)
 Metaspace       used 34218K, capacity 35330K, committed 35496K, reserved 1079296K
  class space    used 4780K, capacity 5010K, committed 5120K, reserved 1048576K
}
Event: 4.541 GC heap before
{Heap before GC invocations=10 (full 2):
 PSYoungGen      total 255488K, used 240640K [0x00000000d5580000, 0x00000000eab80000, 0x0000000100000000)
  eden space 240640K, 100% used [0x00000000d5580000,0x00000000e4080000,0x00000000e4080000)
  from space 14848K, 0% used [0x00000000e4080000,0x00000000e4080000,0x00000000e4f00000)
  to   space 13824K, 0% used [0x00000000e9e00000,0x00000000e9e00000,0x00000000eab80000)
 ParOldGen       total 86528K, used 14316K [0x0000000080000000, 0x0000000085480000, 0x00000000d5580000)
  object space 86528K, 16% used [0x0000000080000000,0x0000000080dfb270,0x0000000085480000)
 Metaspace       used 47547K, capacity 49732K, committed 49792K, reserved 1091584K
  class space    used 6574K, capacity 7008K, committed 7040K, reserved 1048576K
Event: 4.570 GC heap after
Heap after GC invocations=10 (full 2):
 PSYoungGen      total 332288K, used 13822K [0x00000000d5580000, 0x00000000ed100000, 0x0000000100000000)
  eden space 318464K, 0% used [0x00000000d5580000,0x00000000d5580000,0x00000000e8c80000)
  from space 13824K, 99% used [0x00000000e9e00000,0x00000000eab7f960,0x00000000eab80000)
  to   space 17920K, 0% used [0x00000000e8c80000,0x00000000e8c80000,0x00000000e9e00000)
 ParOldGen       total 86528K, used 18862K [0x0000000080000000, 0x0000000085480000, 0x00000000d5580000)
  object space 86528K, 21% used [0x0000000080000000,0x000000008126b820,0x0000000085480000)
 Metaspace       used 47547K, capacity 49732K, committed 49792K, reserved 1091584K
  class space    used 6574K, capacity 7008K, committed 7040K, reserved 1048576K
}
Event: 5.782 GC heap before
{Heap before GC invocations=11 (full 2):
 PSYoungGen      total 332288K, used 155568K [0x00000000d5580000, 0x00000000ed100000, 0x0000000100000000)
  eden space 318464K, 44% used [0x00000000d5580000,0x00000000ddfec880,0x00000000e8c80000)
  from space 13824K, 99% used [0x00000000e9e00000,0x00000000eab7f960,0x00000000eab80000)
  to   space 17920K, 0% used [0x00000000e8c80000,0x00000000e8c80000,0x00000000e9e00000)
 ParOldGen       total 86528K, used 18862K [0x0000000080000000, 0x0000000085480000, 0x00000000d5580000)
  object space 86528K, 21% used [0x0000000080000000,0x000000008126b820,0x0000000085480000)
 Metaspace       used 56722K, capacity 59074K, committed 59136K, reserved 1099776K
  class space    used 7954K, capacity 8430K, committed 8448K, reserved 1048576K
Event: 5.812 GC heap after
Heap after GC invocations=11 (full 2):
 PSYoungGen      total 336384K, used 17890K [0x00000000d5580000, 0x00000000f1100000, 0x0000000100000000)
  eden space 318464K, 0% used [0x00000000d5580000,0x00000000d5580000,0x00000000e8c80000)
  from space 17920K, 99% used [0x00000000e8c80000,0x00000000e9df88c8,0x00000000e9e00000)
  to   space 23040K, 0% used [0x00000000efa80000,0x00000000efa80000,0x00000000f1100000)
 ParOldGen       total 86528K, used 25002K [0x0000000080000000, 0x0000000085480000, 0x00000000d5580000)
  object space 86528K, 28% used [0x0000000080000000,0x000000008186ab60,0x0000000085480000)
 Metaspace       used 56722K, capacity 59074K, committed 59136K, reserved 1099776K
  class space    used 7954K, capacity 8430K, committed 8448K, reserved 1048576K
}
Event: 5.812 GC heap before
{Heap before GC invocations=12 (full 3):
 PSYoungGen      total 336384K, used 17890K [0x00000000d5580000, 0x00000000f1100000, 0x0000000100000000)
  eden space 318464K, 0% used [0x00000000d5580000,0x00000000d5580000,0x00000000e8c80000)
  from space 17920K, 99% used [0x00000000e8c80000,0x00000000e9df88c8,0x00000000e9e00000)
  to   space 23040K, 0% used [0x00000000efa80000,0x00000000efa80000,0x00000000f1100000)
 ParOldGen       total 86528K, used 25002K [0x0000000080000000, 0x0000000085480000, 0x00000000d5580000)
  object space 86528K, 28% used [0x0000000080000000,0x000000008186ab60,0x0000000085480000)
 Metaspace       used 56722K, capacity 59074K, committed 59136K, reserved 1099776K
  class space    used 7954K, capacity 8430K, committed 8448K, reserved 1048576K
Event: 5.938 GC heap after
Heap after GC invocations=12 (full 3):
 PSYoungGen      total 336384K, used 0K [0x00000000d5580000, 0x00000000f1100000, 0x0000000100000000)
  eden space 318464K, 0% used [0x00000000d5580000,0x00000000d5580000,0x00000000e8c80000)
  from space 17920K, 0% used [0x00000000e8c80000,0x00000000e8c80000,0x00000000e9e00000)
  to   space 23040K, 0% used [0x00000000efa80000,0x00000000efa80000,0x00000000f1100000)
 ParOldGen       total 86528K, used 36378K [0x0000000080000000, 0x0000000085480000, 0x00000000d5580000)
  object space 86528K, 42% used [0x0000000080000000,0x0000000082386958,0x0000000085480000)
 Metaspace       used 56635K, capacity 58786K, committed 59136K, reserved 1099776K
  class space    used 7927K, capacity 8382K, committed 8448K, reserved 1048576K
}

