# JRE version: OpenJDK Runtime Environment (8.0_302-b08) (build 1.8.0_302-b08)
# Java VM: OpenJDK 64-Bit Server VM (25.302-b08 mixed mode windows-amd64 compressed oops)
Heap:
 PSYoungGen      total 401920K, used 148750K [0x00000000d5580000, 0x00000000f3a80000, 0x0000000100000000)
  eden space 309248K, 24% used [0x00000000d5580000,0x00000000da040c08,0x00000000e8380000)
  from space 92672K, 77% used [0x00000000e8580000,0x00000000ecc02d38,0x00000000ee000000)
  to   space 12288K, 0% used [0x00000000f2e80000,0x00000000f2e80000,0x00000000f3a80000)
 ParOldGen       total 256000K, used 93029K [0x0000000080000000, 0x000000008fa00000, 0x00000000d5580000)
  object space 256000K, 36% used [0x0000000080000000,0x0000000085ad9748,0x000000008fa00000)
 Metaspace       used 117871K, capacity 123654K, committed 123776K, reserved 1157120K
  class space    used 15511K, capacity 16656K, committed 16768K, reserved 1048576K
GC Heap History (10 events):
Event: 196.544 GC heap before
{Heap before GC invocations=26 (full 10):
 PSYoungGen      total 330240K, used 294400K [0x00000000d5580000, 0x00000000f8c00000, 0x0000000100000000)
  eden space 294400K, 100% used [0x00000000d5580000,0x00000000e7500000,0x00000000e7500000)
  from space 35840K, 0% used [0x00000000e7500000,0x00000000e7500000,0x00000000e9800000)
  to   space 95744K, 4% used [0x00000000f2e80000,0x00000000f32e1350,0x00000000f8c00000)
 ParOldGen       total 256000K, used 162660K [0x0000000080000000, 0x000000008fa00000, 0x00000000d5580000)
  object space 256000K, 63% used [0x0000000080000000,0x0000000089ed90a8,0x000000008fa00000)
 Metaspace       used 100961K, capacity 105354K, committed 106752K, reserved 1140736K
  class space    used 13374K, capacity 14266K, committed 14592K, reserved 1048576K
Event: 196.673 GC heap after
Heap after GC invocations=26 (full 10):
 PSYoungGen      total 330240K, used 133819K [0x00000000d5580000, 0x00000000f8c00000, 0x0000000100000000)
  eden space 294400K, 45% used [0x00000000d5580000,0x00000000dd82ee38,0x00000000e7500000)
  from space 35840K, 0% used [0x00000000e7500000,0x00000000e7500000,0x00000000e9800000)
  to   space 95744K, 0% used [0x00000000f2e80000,0x00000000f2e80000,0x00000000f8c00000)
 ParOldGen       total 256000K, used 162142K [0x0000000080000000, 0x000000008fa00000, 0x00000000d5580000)
  object space 256000K, 63% used [0x0000000080000000,0x0000000089e57af0,0x000000008fa00000)
 Metaspace       used 100961K, capacity 105354K, committed 106752K, reserved 1140736K
  class space    used 13374K, capacity 14266K, committed 14592K, reserved 1048576K
}
Event: 197.782 GC heap before
{Heap before GC invocations=27 (full 10):
 PSYoungGen      total 330240K, used 294400K [0x00000000d5580000, 0x00000000f8c00000, 0x0000000100000000)
  eden space 294400K, 100% used [0x00000000d5580000,0x00000000e7500000,0x00000000e7500000)
  from space 35840K, 0% used [0x00000000e7500000,0x00000000e7500000,0x00000000e9800000)
  to   space 95744K, 0% used [0x00000000f2e80000,0x00000000f2e80000,0x00000000f8c00000)
 ParOldGen       total 256000K, used 162144K [0x0000000080000000, 0x000000008fa00000, 0x00000000d5580000)
  object space 256000K, 63% used [0x0000000080000000,0x0000000089e58380,0x000000008fa00000)
 Metaspace       used 101158K, capacity 105596K, committed 107008K, reserved 1142784K
  class space    used 13384K, capacity 14301K, committed 14592K, reserved 1048576K
Event: 197.806 GC heap after
Heap after GC invocations=27 (full 10):
 PSYoungGen      total 330240K, used 294400K [0x00000000d5580000, 0x00000000f8c00000, 0x0000000100000000)
  eden space 294400K, 100% used [0x00000000d5580000,0x00000000e7500000,0x00000000e7500000)
  from space 35840K, 0% used [0x00000000e7500000,0x00000000e7500000,0x00000000e9800000)
  to   space 95744K, 0% used [0x00000000f2e80000,0x00000000f2f30d70,0x00000000f8c00000)
 ParOldGen       total 256000K, used 165794K [0x0000000080000000, 0x000000008fa00000, 0x00000000d5580000)
  object space 256000K, 64% used [0x0000000080000000,0x000000008a1e8928,0x000000008fa00000)
 Metaspace       used 101158K, capacity 105596K, committed 107008K, reserved 1142784K
  class space    used 13384K, capacity 14301K, committed 14592K, reserved 1048576K
}
Event: 197.806 GC heap before
{Heap before GC invocations=28 (full 11):
 PSYoungGen      total 330240K, used 294400K [0x00000000d5580000, 0x00000000f8c00000, 0x0000000100000000)
  eden space 294400K, 100% used [0x00000000d5580000,0x00000000e7500000,0x00000000e7500000)
  from space 35840K, 0% used [0x00000000e7500000,0x00000000e7500000,0x00000000e9800000)
  to   space 95744K, 0% used [0x00000000f2e80000,0x00000000f2f30d70,0x00000000f8c00000)
 ParOldGen       total 256000K, used 165794K [0x0000000080000000, 0x000000008fa00000, 0x00000000d5580000)
  object space 256000K, 64% used [0x0000000080000000,0x000000008a1e8928,0x000000008fa00000)
 Metaspace       used 101158K, capacity 105596K, committed 107008K, reserved 1142784K
  class space    used 13384K, capacity 14301K, committed 14592K, reserved 1048576K
Event: 197.925 GC heap after
Heap after GC invocations=28 (full 11):
 PSYoungGen      total 330240K, used 0K [0x00000000d5580000, 0x00000000f8c00000, 0x0000000100000000)
  eden space 294400K, 0% used [0x00000000d5580000,0x00000000d5580000,0x00000000e7500000)
  from space 35840K, 0% used [0x00000000e7500000,0x00000000e7500000,0x00000000e9800000)
  to   space 95744K, 0% used [0x00000000f2e80000,0x00000000f2e80000,0x00000000f8c00000)
 ParOldGen       total 256000K, used 93013K [0x0000000080000000, 0x000000008fa00000, 0x00000000d5580000)
  object space 256000K, 36% used [0x0000000080000000,0x0000000085ad5748,0x000000008fa00000)
 Metaspace       used 101158K, capacity 105596K, committed 107008K, reserved 1142784K
  class space    used 13384K, capacity 14301K, committed 14592K, reserved 1048576K
}
Event: 203.056 GC heap before
{Heap before GC invocations=29 (full 11):
 PSYoungGen      total 330240K, used 294400K [0x00000000d5580000, 0x00000000f8c00000, 0x0000000100000000)
  eden space 294400K, 100% used [0x00000000d5580000,0x00000000e7500000,0x00000000e7500000)
  from space 35840K, 0% used [0x00000000e7500000,0x00000000e7500000,0x00000000e9800000)
  to   space 95744K, 0% used [0x00000000f2e80000,0x00000000f2e80000,0x00000000f8c00000)
 ParOldGen       total 256000K, used 93013K [0x0000000080000000, 0x000000008fa00000, 0x00000000d5580000)
  object space 256000K, 36% used [0x0000000080000000,0x0000000085ad5748,0x000000008fa00000)
 Metaspace       used 107292K, capacity 111896K, committed 112896K, reserved 1146880K
  class space    used 13953K, capacity 14893K, committed 15104K, reserved 1048576K
Event: 203.078 GC heap after
Heap after GC invocations=29 (full 11):
 PSYoungGen      total 321536K, used 12224K [0x00000000d5580000, 0x00000000f3a80000, 0x0000000100000000)
  eden space 309248K, 0% used [0x00000000d5580000,0x00000000d5580000,0x00000000e8380000)
  from space 12288K, 99% used [0x00000000f2e80000,0x00000000f3a70240,0x00000000f3a80000)
  to   space 92672K, 0% used [0x00000000e8580000,0x00000000e8580000,0x00000000ee000000)
 ParOldGen       total 256000K, used 93021K [0x0000000080000000, 0x000000008fa00000, 0x00000000d5580000)
  object space 256000K, 36% used [0x0000000080000000,0x0000000085ad7748,0x000000008fa00000)
 Metaspace       used 107292K, capacity 111896K, committed 112896K, reserved 1146880K
  class space    used 13953K, capacity 14893K, committed 15104K, reserved 1048576K
}
Event: 205.896 GC heap before
{Heap before GC invocations=30 (full 11):
 PSYoungGen      total 321536K, used 321472K [0x00000000d5580000, 0x00000000f3a80000, 0x0000000100000000)
  eden space 309248K, 100% used [0x00000000d5580000,0x00000000e8380000,0x00000000e8380000)
  from space 12288K, 99% used [0x00000000f2e80000,0x00000000f3a70240,0x00000000f3a80000)
  to   space 92672K, 0% used [0x00000000e8580000,0x00000000e8580000,0x00000000ee000000)
 ParOldGen       total 256000K, used 93021K [0x0000000080000000, 0x000000008fa00000, 0x00000000d5580000)
  object space 256000K, 36% used [0x0000000080000000,0x0000000085ad7748,0x000000008fa00000)
 Metaspace       used 117664K, capacity 123466K, committed 123776K, reserved 1157120K
  class space    used 15504K, capacity 16646K, committed 16768K, reserved 1048576K
Event: 206.028 GC heap after
Heap after GC invocations=30 (full 11):
 PSYoungGen      total 401920K, used 72203K [0x00000000d5580000, 0x00000000f3a80000, 0x0000000100000000)
  eden space 309248K, 0% used [0x00000000d5580000,0x00000000d5580000,0x00000000e8380000)
  from space 92672K, 77% used [0x00000000e8580000,0x00000000ecc02d38,0x00000000ee000000)
  to   space 12288K, 0% used [0x00000000f2e80000,0x00000000f2e80000,0x00000000f3a80000)
 ParOldGen       total 256000K, used 93029K [0x0000000080000000, 0x000000008fa00000, 0x00000000d5580000)
  object space 256000K, 36% used [0x0000000080000000,0x0000000085ad9748,0x000000008fa00000)
 Metaspace       used 117664K, capacity 123466K, committed 123776K, reserved 1157120K
  class space    used 15504K, capacity 16646K, committed 16768K, reserved 1048576K
}

