# JRE version: OpenJDK Runtime Environment (8.0_302-b08) (build 1.8.0_302-b08)
# Java VM: OpenJDK 64-Bit Server VM (25.302-b08 mixed mode windows-amd64 compressed oops)
Heap:
 PSYoungGen      total 133120K, used 76280K [0x00000000d5580000, 0x00000000e0680000, 0x0000000100000000)
  eden space 86016K, 54% used [0x00000000d5580000,0x00000000d83a2490,0x00000000da980000)
  from space 47104K, 61% used [0x00000000dd880000,0x00000000df4dbc48,0x00000000e0680000)
  to   space 47616K, 0% used [0x00000000da980000,0x00000000da980000,0x00000000dd800000)
 ParOldGen       total 195072K, used 64465K [0x0000000080000000, 0x000000008be80000, 0x00000000d5580000)
  object space 195072K, 33% used [0x0000000080000000,0x0000000083ef4680,0x000000008be80000)
 Metaspace       used 105941K, capacity 112500K, committed 112588K, reserved 1148928K
  class space    used 14329K, capacity 15504K, committed 15564K, reserved 1048576K
GC Heap History (10 events):
Event: 62.152 GC heap before
{Heap before GC invocations=33 (full 5):
 PSYoungGen      total 123392K, used 106227K [0x00000000d5580000, 0x00000000dff00000, 0x0000000100000000)
  eden space 78848K, 100% used [0x00000000d5580000,0x00000000da280000,0x00000000da280000)
  from space 44544K, 61% used [0x00000000da280000,0x00000000dbd3cd40,0x00000000dce00000)
  to   space 45056K, 0% used [0x00000000dd300000,0x00000000dd300000,0x00000000dff00000)
 ParOldGen       total 195072K, used 64425K [0x0000000080000000, 0x000000008be80000, 0x00000000d5580000)
  object space 195072K, 33% used [0x0000000080000000,0x0000000083eea680,0x000000008be80000)
 Metaspace       used 101353K, capacity 107654K, committed 107852K, reserved 1144832K
  class space    used 13984K, capacity 15111K, committed 15180K, reserved 1048576K
Event: 62.172 GC heap after
Heap after GC invocations=33 (full 5):
 PSYoungGen      total 123904K, used 29955K [0x00000000d5580000, 0x00000000dff00000, 0x0000000100000000)
  eden space 78848K, 0% used [0x00000000d5580000,0x00000000d5580000,0x00000000da280000)
  from space 45056K, 66% used [0x00000000dd300000,0x00000000df040d50,0x00000000dff00000)
  to   space 44544K, 0% used [0x00000000da280000,0x00000000da280000,0x00000000dce00000)
 ParOldGen       total 195072K, used 64433K [0x0000000080000000, 0x000000008be80000, 0x00000000d5580000)
  object space 195072K, 33% used [0x0000000080000000,0x0000000083eec680,0x000000008be80000)
 Metaspace       used 101353K, capacity 107654K, committed 107852K, reserved 1144832K
  class space    used 13984K, capacity 15111K, committed 15180K, reserved 1048576K
}
Event: 70.244 GC heap before
{Heap before GC invocations=34 (full 5):
 PSYoungGen      total 123904K, used 108803K [0x00000000d5580000, 0x00000000dff00000, 0x0000000100000000)
  eden space 78848K, 100% used [0x00000000d5580000,0x00000000da280000,0x00000000da280000)
  from space 45056K, 66% used [0x00000000dd300000,0x00000000df040d50,0x00000000dff00000)
  to   space 44544K, 0% used [0x00000000da280000,0x00000000da280000,0x00000000dce00000)
 ParOldGen       total 195072K, used 64433K [0x0000000080000000, 0x000000008be80000, 0x00000000d5580000)
  object space 195072K, 33% used [0x0000000080000000,0x0000000083eec680,0x000000008be80000)
 Metaspace       used 104545K, capacity 110992K, committed 111180K, reserved 1146880K
  class space    used 14198K, capacity 15320K, committed 15436K, reserved 1048576K
Event: 70.271 GC heap after
Heap after GC invocations=34 (full 5):
 PSYoungGen      total 123392K, used 29472K [0x00000000d5580000, 0x00000000e0200000, 0x0000000100000000)
  eden space 78848K, 0% used [0x00000000d5580000,0x00000000d5580000,0x00000000da280000)
  from space 44544K, 66% used [0x00000000da280000,0x00000000dbf481e0,0x00000000dce00000)
  to   space 47104K, 0% used [0x00000000dd400000,0x00000000dd400000,0x00000000e0200000)
 ParOldGen       total 195072K, used 64441K [0x0000000080000000, 0x000000008be80000, 0x00000000d5580000)
  object space 195072K, 33% used [0x0000000080000000,0x0000000083eee680,0x000000008be80000)
 Metaspace       used 104545K, capacity 110992K, committed 111180K, reserved 1146880K
  class space    used 14198K, capacity 15320K, committed 15436K, reserved 1048576K
}
Event: 71.075 GC heap before
{Heap before GC invocations=35 (full 5):
 PSYoungGen      total 123392K, used 108320K [0x00000000d5580000, 0x00000000e0200000, 0x0000000100000000)
  eden space 78848K, 100% used [0x00000000d5580000,0x00000000da280000,0x00000000da280000)
  from space 44544K, 66% used [0x00000000da280000,0x00000000dbf481e0,0x00000000dce00000)
  to   space 47104K, 0% used [0x00000000dd400000,0x00000000dd400000,0x00000000e0200000)
 ParOldGen       total 195072K, used 64441K [0x0000000080000000, 0x000000008be80000, 0x00000000d5580000)
  object space 195072K, 33% used [0x0000000080000000,0x0000000083eee680,0x000000008be80000)
 Metaspace       used 105604K, capacity 112098K, committed 112332K, reserved 1148928K
  class space    used 14318K, capacity 15465K, committed 15564K, reserved 1048576K
Event: 71.104 GC heap after
Heap after GC invocations=35 (full 5):
 PSYoungGen      total 129024K, used 28930K [0x00000000d5580000, 0x00000000e0300000, 0x0000000100000000)
  eden space 81920K, 0% used [0x00000000d5580000,0x00000000d5580000,0x00000000da580000)
  from space 47104K, 61% used [0x00000000dd400000,0x00000000df040ac0,0x00000000e0200000)
  to   space 47616K, 0% used [0x00000000da580000,0x00000000da580000,0x00000000dd400000)
 ParOldGen       total 195072K, used 64449K [0x0000000080000000, 0x000000008be80000, 0x00000000d5580000)
  object space 195072K, 33% used [0x0000000080000000,0x0000000083ef0680,0x000000008be80000)
 Metaspace       used 105604K, capacity 112098K, committed 112332K, reserved 1148928K
  class space    used 14318K, capacity 15465K, committed 15564K, reserved 1048576K
}
Event: 71.950 GC heap before
{Heap before GC invocations=36 (full 5):
 PSYoungGen      total 129024K, used 110850K [0x00000000d5580000, 0x00000000e0300000, 0x0000000100000000)
  eden space 81920K, 100% used [0x00000000d5580000,0x00000000da580000,0x00000000da580000)
  from space 47104K, 61% used [0x00000000dd400000,0x00000000df040ac0,0x00000000e0200000)
  to   space 47616K, 0% used [0x00000000da580000,0x00000000da580000,0x00000000dd400000)
 ParOldGen       total 195072K, used 64449K [0x0000000080000000, 0x000000008be80000, 0x00000000d5580000)
  object space 195072K, 33% used [0x0000000080000000,0x0000000083ef0680,0x000000008be80000)
 Metaspace       used 105702K, capacity 112176K, committed 112332K, reserved 1148928K
  class space    used 14320K, capacity 15466K, committed 15564K, reserved 1048576K
Event: 71.992 GC heap after
Heap after GC invocations=36 (full 5):
 PSYoungGen      total 129536K, used 29648K [0x00000000d5580000, 0x00000000e0780000, 0x0000000100000000)
  eden space 81920K, 0% used [0x00000000d5580000,0x00000000d5580000,0x00000000da580000)
  from space 47616K, 62% used [0x00000000da580000,0x00000000dc274120,0x00000000dd400000)
  to   space 48128K, 0% used [0x00000000dd880000,0x00000000dd880000,0x00000000e0780000)
 ParOldGen       total 195072K, used 64457K [0x0000000080000000, 0x000000008be80000, 0x00000000d5580000)
  object space 195072K, 33% used [0x0000000080000000,0x0000000083ef2680,0x000000008be80000)
 Metaspace       used 105702K, capacity 112176K, committed 112332K, reserved 1148928K
  class space    used 14320K, capacity 15466K, committed 15564K, reserved 1048576K
}
Event: 72.788 GC heap before
{Heap before GC invocations=37 (full 5):
 PSYoungGen      total 129536K, used 111568K [0x00000000d5580000, 0x00000000e0780000, 0x0000000100000000)
  eden space 81920K, 100% used [0x00000000d5580000,0x00000000da580000,0x00000000da580000)
  from space 47616K, 62% used [0x00000000da580000,0x00000000dc274120,0x00000000dd400000)
  to   space 48128K, 0% used [0x00000000dd880000,0x00000000dd880000,0x00000000e0780000)
 ParOldGen       total 195072K, used 64457K [0x0000000080000000, 0x000000008be80000, 0x00000000d5580000)
  object space 195072K, 33% used [0x0000000080000000,0x0000000083ef2680,0x000000008be80000)
 Metaspace       used 105716K, capacity 112176K, committed 112332K, reserved 1148928K
  class space    used 14320K, capacity 15466K, committed 15564K, reserved 1048576K
Event: 72.822 GC heap after
Heap after GC invocations=37 (full 5):
 PSYoungGen      total 133120K, used 29039K [0x00000000d5580000, 0x00000000e0680000, 0x0000000100000000)
  eden space 86016K, 0% used [0x00000000d5580000,0x00000000d5580000,0x00000000da980000)
  from space 47104K, 61% used [0x00000000dd880000,0x00000000df4dbc48,0x00000000e0680000)
  to   space 47616K, 0% used [0x00000000da980000,0x00000000da980000,0x00000000dd800000)
 ParOldGen       total 195072K, used 64465K [0x0000000080000000, 0x000000008be80000, 0x00000000d5580000)
  object space 195072K, 33% used [0x0000000080000000,0x0000000083ef4680,0x000000008be80000)
 Metaspace       used 105716K, capacity 112176K, committed 112332K, reserved 1148928K
  class space    used 14320K, capacity 15466K, committed 15564K, reserved 1048576K
}

