# JRE version: OpenJDK Runtime Environment (8.0_302-b08) (build 1.8.0_302-b08)
# Java VM: OpenJDK 64-Bit Server VM (25.302-b08 mixed mode windows-amd64 compressed oops)
Heap:
 PSYoungGen      total 110592K, used 34732K [0x00000000d5580000, 0x00000000dcd00000, 0x0000000100000000)
  eden space 99840K, 25% used [0x00000000d5580000,0x00000000d6e79110,0x00000000db700000)
  from space 10752K, 85% used [0x00000000dc200000,0x00000000dcaf2178,0x00000000dcc80000)
  to   space 11264K, 0% used [0x00000000db700000,0x00000000db700000,0x00000000dc200000)
 ParOldGen       total 56832K, used 10537K [0x0000000080000000, 0x0000000083780000, 0x00000000d5580000)
  object space 56832K, 18% used [0x0000000080000000,0x0000000080a4a660,0x0000000083780000)
 Metaspace       used 33799K, capacity 34930K, committed 35200K, reserved 1079296K
  class space    used 4704K, capacity 4942K, committed 4992K, reserved 1048576K
GC Heap History (10 events):
Event: 1.707 GC heap before
{Heap before GC invocations=5 (full 0):
 PSYoungGen      total 66560K, used 66544K [0x00000000d5580000, 0x00000000d9b80000, 0x0000000100000000)
  eden space 61440K, 100% used [0x00000000d5580000,0x00000000d9180000,0x00000000d9180000)
  from space 5120K, 99% used [0x00000000d9680000,0x00000000d9b7c050,0x00000000d9b80000)
  to   space 5120K, 0% used [0x00000000d9180000,0x00000000d9180000,0x00000000d9680000)
 ParOldGen       total 81920K, used 2528K [0x0000000080000000, 0x0000000085000000, 0x00000000d5580000)
  object space 81920K, 3% used [0x0000000080000000,0x0000000080278198,0x0000000085000000)
 Metaspace       used 17830K, capacity 18402K, committed 18688K, reserved 1064960K
  class space    used 2591K, capacity 2741K, committed 2816K, reserved 1048576K
Event: 1.716 GC heap after
Heap after GC invocations=5 (full 0):
 PSYoungGen      total 66560K, used 5095K [0x00000000d5580000, 0x00000000d9b80000, 0x0000000100000000)
  eden space 61440K, 0% used [0x00000000d5580000,0x00000000d5580000,0x00000000d9180000)
  from space 5120K, 99% used [0x00000000d9180000,0x00000000d9679fd0,0x00000000d9680000)
  to   space 5120K, 0% used [0x00000000d9680000,0x00000000d9680000,0x00000000d9b80000)
 ParOldGen       total 81920K, used 7988K [0x0000000080000000, 0x0000000085000000, 0x00000000d5580000)
  object space 81920K, 9% used [0x0000000080000000,0x00000000807cd298,0x0000000085000000)
 Metaspace       used 17830K, capacity 18402K, committed 18688K, reserved 1064960K
  class space    used 2591K, capacity 2741K, committed 2816K, reserved 1048576K
}
Event: 1.914 GC heap before
{Heap before GC invocations=6 (full 0):
 PSYoungGen      total 66560K, used 38402K [0x00000000d5580000, 0x00000000d9b80000, 0x0000000100000000)
  eden space 61440K, 54% used [0x00000000d5580000,0x00000000d7606a38,0x00000000d9180000)
  from space 5120K, 99% used [0x00000000d9180000,0x00000000d9679fd0,0x00000000d9680000)
  to   space 5120K, 0% used [0x00000000d9680000,0x00000000d9680000,0x00000000d9b80000)
 ParOldGen       total 81920K, used 7988K [0x0000000080000000, 0x0000000085000000, 0x00000000d5580000)
  object space 81920K, 9% used [0x0000000080000000,0x00000000807cd298,0x0000000085000000)
 Metaspace       used 20492K, capacity 21218K, committed 21296K, reserved 1067008K
  class space    used 2997K, capacity 3195K, committed 3200K, reserved 1048576K
Event: 1.920 GC heap after
Heap after GC invocations=6 (full 0):
 PSYoungGen      total 66560K, used 5092K [0x00000000d5580000, 0x00000000d9b80000, 0x0000000100000000)
  eden space 61440K, 0% used [0x00000000d5580000,0x00000000d5580000,0x00000000d9180000)
  from space 5120K, 99% used [0x00000000d9680000,0x00000000d9b79050,0x00000000d9b80000)
  to   space 5120K, 0% used [0x00000000d9180000,0x00000000d9180000,0x00000000d9680000)
 ParOldGen       total 81920K, used 11102K [0x0000000080000000, 0x0000000085000000, 0x00000000d5580000)
  object space 81920K, 13% used [0x0000000080000000,0x0000000080ad79e0,0x0000000085000000)
 Metaspace       used 20492K, capacity 21218K, committed 21296K, reserved 1067008K
  class space    used 2997K, capacity 3195K, committed 3200K, reserved 1048576K
}
Event: 1.920 GC heap before
{Heap before GC invocations=7 (full 1):
 PSYoungGen      total 66560K, used 5092K [0x00000000d5580000, 0x00000000d9b80000, 0x0000000100000000)
  eden space 61440K, 0% used [0x00000000d5580000,0x00000000d5580000,0x00000000d9180000)
  from space 5120K, 99% used [0x00000000d9680000,0x00000000d9b79050,0x00000000d9b80000)
  to   space 5120K, 0% used [0x00000000d9180000,0x00000000d9180000,0x00000000d9680000)
 ParOldGen       total 81920K, used 11102K [0x0000000080000000, 0x0000000085000000, 0x00000000d5580000)
  object space 81920K, 13% used [0x0000000080000000,0x0000000080ad79e0,0x0000000085000000)
 Metaspace       used 20492K, capacity 21218K, committed 21296K, reserved 1067008K
  class space    used 2997K, capacity 3195K, committed 3200K, reserved 1048576K
Event: 1.941 GC heap after
Heap after GC invocations=7 (full 1):
 PSYoungGen      total 66560K, used 0K [0x00000000d5580000, 0x00000000d9b80000, 0x0000000100000000)
  eden space 61440K, 0% used [0x00000000d5580000,0x00000000d5580000,0x00000000d9180000)
  from space 5120K, 0% used [0x00000000d9680000,0x00000000d9680000,0x00000000d9b80000)
  to   space 5120K, 0% used [0x00000000d9180000,0x00000000d9180000,0x00000000d9680000)
 ParOldGen       total 56832K, used 9366K [0x0000000080000000, 0x0000000083780000, 0x00000000d5580000)
  object space 56832K, 16% used [0x0000000080000000,0x0000000080925b78,0x0000000083780000)
 Metaspace       used 20492K, capacity 21218K, committed 21296K, reserved 1067008K
  class space    used 2997K, capacity 3195K, committed 3200K, reserved 1048576K
}
Event: 2.268 GC heap before
{Heap before GC invocations=8 (full 1):
 PSYoungGen      total 66560K, used 61440K [0x00000000d5580000, 0x00000000d9b80000, 0x0000000100000000)
  eden space 61440K, 100% used [0x00000000d5580000,0x00000000d9180000,0x00000000d9180000)
  from space 5120K, 0% used [0x00000000d9680000,0x00000000d9680000,0x00000000d9b80000)
  to   space 5120K, 0% used [0x00000000d9180000,0x00000000d9180000,0x00000000d9680000)
 ParOldGen       total 56832K, used 9366K [0x0000000080000000, 0x0000000083780000, 0x00000000d5580000)
  object space 56832K, 16% used [0x0000000080000000,0x0000000080925b78,0x0000000083780000)
 Metaspace       used 25521K, capacity 26338K, committed 26496K, reserved 1071104K
  class space    used 3718K, capacity 3921K, committed 3968K, reserved 1048576K
Event: 2.273 GC heap after
Heap after GC invocations=8 (full 1):
 PSYoungGen      total 66560K, used 5106K [0x00000000d5580000, 0x00000000dcc80000, 0x0000000100000000)
  eden space 61440K, 0% used [0x00000000d5580000,0x00000000d5580000,0x00000000d9180000)
  from space 5120K, 99% used [0x00000000d9180000,0x00000000d967cb78,0x00000000d9680000)
  to   space 10752K, 0% used [0x00000000dc200000,0x00000000dc200000,0x00000000dcc80000)
 ParOldGen       total 56832K, used 10529K [0x0000000080000000, 0x0000000083780000, 0x00000000d5580000)
  object space 56832K, 18% used [0x0000000080000000,0x0000000080a48660,0x0000000083780000)
 Metaspace       used 25521K, capacity 26338K, committed 26496K, reserved 1071104K
  class space    used 3718K, capacity 3921K, committed 3968K, reserved 1048576K
}
Event: 2.674 GC heap before
{Heap before GC invocations=9 (full 1):
 PSYoungGen      total 66560K, used 66546K [0x00000000d5580000, 0x00000000dcc80000, 0x0000000100000000)
  eden space 61440K, 100% used [0x00000000d5580000,0x00000000d9180000,0x00000000d9180000)
  from space 5120K, 99% used [0x00000000d9180000,0x00000000d967cb78,0x00000000d9680000)
  to   space 10752K, 0% used [0x00000000dc200000,0x00000000dc200000,0x00000000dcc80000)
 ParOldGen       total 56832K, used 10529K [0x0000000080000000, 0x0000000083780000, 0x00000000d5580000)
  object space 56832K, 18% used [0x0000000080000000,0x0000000080a48660,0x0000000083780000)
 Metaspace       used 32436K, capacity 33458K, committed 33536K, reserved 1077248K
  class space    used 4582K, capacity 4822K, committed 4864K, reserved 1048576K
Event: 2.681 GC heap after
Heap after GC invocations=9 (full 1):
 PSYoungGen      total 110592K, used 9160K [0x00000000d5580000, 0x00000000dcd00000, 0x0000000100000000)
  eden space 99840K, 0% used [0x00000000d5580000,0x00000000d5580000,0x00000000db700000)
  from space 10752K, 85% used [0x00000000dc200000,0x00000000dcaf2178,0x00000000dcc80000)
  to   space 11264K, 0% used [0x00000000db700000,0x00000000db700000,0x00000000dc200000)
 ParOldGen       total 56832K, used 10537K [0x0000000080000000, 0x0000000083780000, 0x00000000d5580000)
  object space 56832K, 18% used [0x0000000080000000,0x0000000080a4a660,0x0000000083780000)
 Metaspace       used 32436K, capacity 33458K, committed 33536K, reserved 1077248K
  class space    used 4582K, capacity 4822K, committed 4864K, reserved 1048576K
}

