# JRE version: OpenJDK Runtime Environment (8.0_302-b08) (build 1.8.0_302-b08)
# Java VM: OpenJDK 64-Bit Server VM (25.302-b08 mixed mode windows-amd64 compressed oops)
Heap:
 PSYoungGen      total 340992K, used 67249K [0x00000000d5580000, 0x00000000f0500000, 0x0000000100000000)
  eden space 287232K, 23% used [0x00000000d5580000,0x00000000d972c750,0x00000000e6e00000)
  from space 53760K, 0% used [0x00000000e6e00000,0x00000000e6e00000,0x00000000ea280000)
  to   space 28160K, 0% used [0x00000000ea280000,0x00000000ea280000,0x00000000ebe00000)
 ParOldGen       total 476160K, used 381627K [0x0000000080000000, 0x000000009d100000, 0x00000000d5580000)
  object space 476160K, 80% used [0x0000000080000000,0x00000000974aedb8,0x000000009d100000)
 Metaspace       used 71280K, capacity 74376K, committed 75392K, reserved 1114112K
  class space    used 9795K, capacity 10403K, committed 10624K, reserved 1048576K
GC Heap History (10 events):
Event: 10.136 GC heap before
{Heap before GC invocations=16 (full 4):
 PSYoungGen      total 315392K, used 28151K [0x00000000d5580000, 0x00000000f0500000, 0x0000000100000000)
  eden space 287232K, 0% used [0x00000000d5580000,0x00000000d5580000,0x00000000e6e00000)
  from space 28160K, 99% used [0x00000000ea280000,0x00000000ebdfdea0,0x00000000ebe00000)
  to   space 53760K, 0% used [0x00000000e6e00000,0x00000000e6e00000,0x00000000ea280000)
 ParOldGen       total 128000K, used 104377K [0x0000000080000000, 0x0000000087d00000, 0x00000000d5580000)
  object space 128000K, 81% used [0x0000000080000000,0x00000000865ee5c0,0x0000000087d00000)
 Metaspace       used 69660K, capacity 73344K, committed 73600K, reserved 1112064K
  class space    used 9680K, capacity 10361K, committed 10368K, reserved 1048576K
Event: 10.263 GC heap after
Heap after GC invocations=16 (full 4):
 PSYoungGen      total 315392K, used 0K [0x00000000d5580000, 0x00000000f0500000, 0x0000000100000000)
  eden space 287232K, 0% used [0x00000000d5580000,0x00000000d5580000,0x00000000e6e00000)
  from space 28160K, 0% used [0x00000000ea280000,0x00000000ea280000,0x00000000ebe00000)
  to   space 53760K, 0% used [0x00000000e6e00000,0x00000000e6e00000,0x00000000ea280000)
 ParOldGen       total 253952K, used 116772K [0x0000000080000000, 0x000000008f800000, 0x00000000d5580000)
  object space 253952K, 45% used [0x0000000080000000,0x0000000087209300,0x000000008f800000)
 Metaspace       used 69365K, capacity 72506K, committed 73600K, reserved 1112064K
  class space    used 9589K, capacity 10206K, committed 10368K, reserved 1048576K
}
Event: 10.656 GC heap before
{Heap before GC invocations=17 (full 4):
 PSYoungGen      total 315392K, used 287232K [0x00000000d5580000, 0x00000000f0500000, 0x0000000100000000)
  eden space 287232K, 100% used [0x00000000d5580000,0x00000000e6e00000,0x00000000e6e00000)
  from space 28160K, 0% used [0x00000000ea280000,0x00000000ea280000,0x00000000ebe00000)
  to   space 53760K, 0% used [0x00000000e6e00000,0x00000000e6e00000,0x00000000ea280000)
 ParOldGen       total 253952K, used 116927K [0x0000000080000000, 0x000000008f800000, 0x00000000d5580000)
  object space 253952K, 46% used [0x0000000080000000,0x000000008722fcd8,0x000000008f800000)
 Metaspace       used 71062K, capacity 74184K, committed 75136K, reserved 1114112K
  class space    used 9779K, capacity 10403K, committed 10624K, reserved 1048576K
Event: 10.796 GC heap after
Heap after GC invocations=17 (full 4):
 PSYoungGen      total 315392K, used 287232K [0x00000000d5580000, 0x00000000f0500000, 0x0000000100000000)
  eden space 287232K, 100% used [0x00000000d5580000,0x00000000e6e00000,0x00000000e6e00000)
  from space 28160K, 0% used [0x00000000ea280000,0x00000000ea280000,0x00000000ebe00000)
  to   space 53760K, 90% used [0x00000000e6e00000,0x00000000e9da8068,0x00000000ea280000)
 ParOldGen       total 384000K, used 335819K [0x0000000080000000, 0x0000000097700000, 0x00000000d5580000)
  object space 384000K, 87% used [0x0000000080000000,0x00000000947f2d08,0x0000000097700000)
 Metaspace       used 71062K, capacity 74184K, committed 75136K, reserved 1114112K
  class space    used 9779K, capacity 10403K, committed 10624K, reserved 1048576K
}
Event: 10.796 GC heap before
{Heap before GC invocations=18 (full 5):
 PSYoungGen      total 315392K, used 287232K [0x00000000d5580000, 0x00000000f0500000, 0x0000000100000000)
  eden space 287232K, 100% used [0x00000000d5580000,0x00000000e6e00000,0x00000000e6e00000)
  from space 28160K, 0% used [0x00000000ea280000,0x00000000ea280000,0x00000000ebe00000)
  to   space 53760K, 90% used [0x00000000e6e00000,0x00000000e9da8068,0x00000000ea280000)
 ParOldGen       total 384000K, used 335819K [0x0000000080000000, 0x0000000097700000, 0x00000000d5580000)
  object space 384000K, 87% used [0x0000000080000000,0x00000000947f2d08,0x0000000097700000)
 Metaspace       used 71062K, capacity 74184K, committed 75136K, reserved 1114112K
  class space    used 9779K, capacity 10403K, committed 10624K, reserved 1048576K
Event: 10.957 GC heap after
Heap after GC invocations=18 (full 5):
 PSYoungGen      total 315392K, used 0K [0x00000000d5580000, 0x00000000f0500000, 0x0000000100000000)
  eden space 287232K, 0% used [0x00000000d5580000,0x00000000d5580000,0x00000000e6e00000)
  from space 28160K, 0% used [0x00000000ea280000,0x00000000ea280000,0x00000000ebe00000)
  to   space 53760K, 0% used [0x00000000e6e00000,0x00000000e6e00000,0x00000000ea280000)
 ParOldGen       total 384000K, used 342246K [0x0000000080000000, 0x0000000097700000, 0x00000000d5580000)
  object space 384000K, 89% used [0x0000000080000000,0x0000000094e39900,0x0000000097700000)
 Metaspace       used 71062K, capacity 74184K, committed 75136K, reserved 1114112K
  class space    used 9779K, capacity 10403K, committed 10624K, reserved 1048576K
}
Event: 11.790 GC heap before
{Heap before GC invocations=19 (full 5):
 PSYoungGen      total 315392K, used 287232K [0x00000000d5580000, 0x00000000f0500000, 0x0000000100000000)
  eden space 287232K, 100% used [0x00000000d5580000,0x00000000e6e00000,0x00000000e6e00000)
  from space 28160K, 0% used [0x00000000ea280000,0x00000000ea280000,0x00000000ebe00000)
  to   space 53760K, 0% used [0x00000000e6e00000,0x00000000e6e00000,0x00000000ea280000)
 ParOldGen       total 384000K, used 342496K [0x0000000080000000, 0x0000000097700000, 0x00000000d5580000)
  object space 384000K, 89% used [0x0000000080000000,0x0000000094e78160,0x0000000097700000)
 Metaspace       used 71264K, capacity 74376K, committed 75392K, reserved 1114112K
  class space    used 9794K, capacity 10403K, committed 10624K, reserved 1048576K
Event: 11.875 GC heap after
Heap after GC invocations=19 (full 5):
 PSYoungGen      total 340992K, used 46282K [0x00000000d5580000, 0x00000000f0500000, 0x0000000100000000)
  eden space 287232K, 0% used [0x00000000d5580000,0x00000000d5580000,0x00000000e6e00000)
  from space 53760K, 86% used [0x00000000e6e00000,0x00000000e9b329d8,0x00000000ea280000)
  to   space 28160K, 0% used [0x00000000ea280000,0x00000000ea280000,0x00000000ebe00000)
 ParOldGen       total 476160K, used 474520K [0x0000000080000000, 0x000000009d100000, 0x00000000d5580000)
  object space 476160K, 99% used [0x0000000080000000,0x000000009cf661c0,0x000000009d100000)
 Metaspace       used 71264K, capacity 74376K, committed 75392K, reserved 1114112K
  class space    used 9794K, capacity 10403K, committed 10624K, reserved 1048576K
}
Event: 11.875 GC heap before
{Heap before GC invocations=20 (full 6):
 PSYoungGen      total 340992K, used 46282K [0x00000000d5580000, 0x00000000f0500000, 0x0000000100000000)
  eden space 287232K, 0% used [0x00000000d5580000,0x00000000d5580000,0x00000000e6e00000)
  from space 53760K, 86% used [0x00000000e6e00000,0x00000000e9b329d8,0x00000000ea280000)
  to   space 28160K, 0% used [0x00000000ea280000,0x00000000ea280000,0x00000000ebe00000)
 ParOldGen       total 476160K, used 474520K [0x0000000080000000, 0x000000009d100000, 0x00000000d5580000)
  object space 476160K, 99% used [0x0000000080000000,0x000000009cf661c0,0x000000009d100000)
 Metaspace       used 71264K, capacity 74376K, committed 75392K, reserved 1114112K
  class space    used 9794K, capacity 10403K, committed 10624K, reserved 1048576K
Event: 11.996 GC heap after
Heap after GC invocations=20 (full 6):
 PSYoungGen      total 340992K, used 0K [0x00000000d5580000, 0x00000000f0500000, 0x0000000100000000)
  eden space 287232K, 0% used [0x00000000d5580000,0x00000000d5580000,0x00000000e6e00000)
  from space 53760K, 0% used [0x00000000e6e00000,0x00000000e6e00000,0x00000000ea280000)
  to   space 28160K, 0% used [0x00000000ea280000,0x00000000ea280000,0x00000000ebe00000)
 ParOldGen       total 476160K, used 381627K [0x0000000080000000, 0x000000009d100000, 0x00000000d5580000)
  object space 476160K, 80% used [0x0000000080000000,0x00000000974aedb8,0x000000009d100000)
 Metaspace       used 71264K, capacity 74376K, committed 75392K, reserved 1114112K
  class space    used 9794K, capacity 10403K, committed 10624K, reserved 1048576K
}

