# JRE version: OpenJDK Runtime Environment (8.0_302-b08) (build 1.8.0_302-b08)
# Java VM: OpenJDK 64-Bit Server VM (25.302-b08 mixed mode windows-amd64 compressed oops)
Heap:
 PSYoungGen      total 133120K, used 46020K [0x00000000d5580000, 0x00000000de380000, 0x0000000100000000)
  eden space 122368K, 28% used [0x00000000d5580000,0x00000000d77f53c0,0x00000000dcd00000)
  from space 10752K, 99% used [0x00000000dd800000,0x00000000de27bd70,0x00000000de280000)
  to   space 11264K, 0% used [0x00000000dcd00000,0x00000000dcd00000,0x00000000dd800000)
 ParOldGen       total 78848K, used 24147K [0x0000000080000000, 0x0000000084d00000, 0x00000000d5580000)
  object space 78848K, 30% used [0x0000000080000000,0x0000000081794d38,0x0000000084d00000)
 Metaspace       used 51483K, capacity 53714K, committed 53888K, reserved 1095680K
  class space    used 7082K, capacity 7532K, committed 7552K, reserved 1048576K
GC Heap History (10 events):
Event: 3.537 GC heap before
{Heap before GC invocations=8 (full 1):
 PSYoungGen      total 133120K, used 122368K [0x00000000d5580000, 0x00000000de380000, 0x0000000100000000)
  eden space 122368K, 100% used [0x00000000d5580000,0x00000000dcd00000,0x00000000dcd00000)
  from space 10752K, 0% used [0x00000000dd800000,0x00000000dd800000,0x00000000de280000)
  to   space 11264K, 0% used [0x00000000dcd00000,0x00000000dcd00000,0x00000000dd800000)
 ParOldGen       total 54784K, used 9356K [0x0000000080000000, 0x0000000083580000, 0x00000000d5580000)
  object space 54784K, 17% used [0x0000000080000000,0x0000000080923020,0x0000000083580000)
 Metaspace       used 32266K, capacity 33324K, committed 33536K, reserved 1077248K
  class space    used 4575K, capacity 4821K, committed 4864K, reserved 1048576K
Event: 3.547 GC heap after
Heap after GC invocations=8 (full 1):
 PSYoungGen      total 133632K, used 11232K [0x00000000d5580000, 0x00000000de380000, 0x0000000100000000)
  eden space 122368K, 0% used [0x00000000d5580000,0x00000000d5580000,0x00000000dcd00000)
  from space 11264K, 99% used [0x00000000dcd00000,0x00000000dd7f80e0,0x00000000dd800000)
  to   space 10752K, 0% used [0x00000000dd800000,0x00000000dd800000,0x00000000de280000)
 ParOldGen       total 54784K, used 11109K [0x0000000080000000, 0x0000000083580000, 0x00000000d5580000)
  object space 54784K, 20% used [0x0000000080000000,0x0000000080ad9478,0x0000000083580000)
 Metaspace       used 32266K, capacity 33324K, committed 33536K, reserved 1077248K
  class space    used 4575K, capacity 4821K, committed 4864K, reserved 1048576K
}
Event: 3.720 GC heap before
{Heap before GC invocations=9 (full 1):
 PSYoungGen      total 133632K, used 45951K [0x00000000d5580000, 0x00000000de380000, 0x0000000100000000)
  eden space 122368K, 28% used [0x00000000d5580000,0x00000000d7767e60,0x00000000dcd00000)
  from space 11264K, 99% used [0x00000000dcd00000,0x00000000dd7f80e0,0x00000000dd800000)
  to   space 10752K, 0% used [0x00000000dd800000,0x00000000dd800000,0x00000000de280000)
 ParOldGen       total 54784K, used 11109K [0x0000000080000000, 0x0000000083580000, 0x00000000d5580000)
  object space 54784K, 20% used [0x0000000080000000,0x0000000080ad9478,0x0000000083580000)
 Metaspace       used 34225K, capacity 35330K, committed 35496K, reserved 1079296K
  class space    used 4784K, capacity 5010K, committed 5120K, reserved 1048576K
Event: 3.726 GC heap after
Heap after GC invocations=9 (full 1):
 PSYoungGen      total 133120K, used 7817K [0x00000000d5580000, 0x00000000de380000, 0x0000000100000000)
  eden space 122368K, 0% used [0x00000000d5580000,0x00000000d5580000,0x00000000dcd00000)
  from space 10752K, 72% used [0x00000000dd800000,0x00000000ddfa25f8,0x00000000de280000)
  to   space 11264K, 0% used [0x00000000dcd00000,0x00000000dcd00000,0x00000000dd800000)
 ParOldGen       total 54784K, used 11117K [0x0000000080000000, 0x0000000083580000, 0x00000000d5580000)
  object space 54784K, 20% used [0x0000000080000000,0x0000000080adb478,0x0000000083580000)
 Metaspace       used 34225K, capacity 35330K, committed 35496K, reserved 1079296K
  class space    used 4784K, capacity 5010K, committed 5120K, reserved 1048576K
}
Event: 3.727 GC heap before
{Heap before GC invocations=10 (full 2):
 PSYoungGen      total 133120K, used 7817K [0x00000000d5580000, 0x00000000de380000, 0x0000000100000000)
  eden space 122368K, 0% used [0x00000000d5580000,0x00000000d5580000,0x00000000dcd00000)
  from space 10752K, 72% used [0x00000000dd800000,0x00000000ddfa25f8,0x00000000de280000)
  to   space 11264K, 0% used [0x00000000dcd00000,0x00000000dcd00000,0x00000000dd800000)
 ParOldGen       total 54784K, used 11117K [0x0000000080000000, 0x0000000083580000, 0x00000000d5580000)
  object space 54784K, 20% used [0x0000000080000000,0x0000000080adb478,0x0000000083580000)
 Metaspace       used 34225K, capacity 35330K, committed 35496K, reserved 1079296K
  class space    used 4784K, capacity 5010K, committed 5120K, reserved 1048576K
Event: 3.756 GC heap after
Heap after GC invocations=10 (full 2):
 PSYoungGen      total 133120K, used 0K [0x00000000d5580000, 0x00000000de380000, 0x0000000100000000)
  eden space 122368K, 0% used [0x00000000d5580000,0x00000000d5580000,0x00000000dcd00000)
  from space 10752K, 0% used [0x00000000dd800000,0x00000000dd800000,0x00000000de280000)
  to   space 11264K, 0% used [0x00000000dcd00000,0x00000000dcd00000,0x00000000dd800000)
 ParOldGen       total 78848K, used 14530K [0x0000000080000000, 0x0000000084d00000, 0x00000000d5580000)
  object space 78848K, 18% used [0x0000000080000000,0x0000000080e30900,0x0000000084d00000)
 Metaspace       used 34225K, capacity 35330K, committed 35496K, reserved 1079296K
  class space    used 4784K, capacity 5010K, committed 5120K, reserved 1048576K
}
Event: 4.464 GC heap before
{Heap before GC invocations=11 (full 2):
 PSYoungGen      total 133120K, used 122368K [0x00000000d5580000, 0x00000000de380000, 0x0000000100000000)
  eden space 122368K, 100% used [0x00000000d5580000,0x00000000dcd00000,0x00000000dcd00000)
  from space 10752K, 0% used [0x00000000dd800000,0x00000000dd800000,0x00000000de280000)
  to   space 11264K, 0% used [0x00000000dcd00000,0x00000000dcd00000,0x00000000dd800000)
 ParOldGen       total 78848K, used 14530K [0x0000000080000000, 0x0000000084d00000, 0x00000000d5580000)
  object space 78848K, 18% used [0x0000000080000000,0x0000000080e30900,0x0000000084d00000)
 Metaspace       used 38262K, capacity 40090K, committed 40320K, reserved 1083392K
  class space    used 5376K, capacity 5732K, committed 5760K, reserved 1048576K
Event: 4.470 GC heap after
Heap after GC invocations=11 (full 2):
 PSYoungGen      total 133632K, used 7955K [0x00000000d5580000, 0x00000000de380000, 0x0000000100000000)
  eden space 122368K, 0% used [0x00000000d5580000,0x00000000d5580000,0x00000000dcd00000)
  from space 11264K, 70% used [0x00000000dcd00000,0x00000000dd4c4f08,0x00000000dd800000)
  to   space 10752K, 0% used [0x00000000dd800000,0x00000000dd800000,0x00000000de280000)
 ParOldGen       total 78848K, used 14538K [0x0000000080000000, 0x0000000084d00000, 0x00000000d5580000)
  object space 78848K, 18% used [0x0000000080000000,0x0000000080e32900,0x0000000084d00000)
 Metaspace       used 38262K, capacity 40090K, committed 40320K, reserved 1083392K
  class space    used 5376K, capacity 5732K, committed 5760K, reserved 1048576K
}
Event: 5.500 GC heap before
{Heap before GC invocations=12 (full 2):
 PSYoungGen      total 133632K, used 130323K [0x00000000d5580000, 0x00000000de380000, 0x0000000100000000)
  eden space 122368K, 100% used [0x00000000d5580000,0x00000000dcd00000,0x00000000dcd00000)
  from space 11264K, 70% used [0x00000000dcd00000,0x00000000dd4c4f08,0x00000000dd800000)
  to   space 10752K, 0% used [0x00000000dd800000,0x00000000dd800000,0x00000000de280000)
 ParOldGen       total 78848K, used 14538K [0x0000000080000000, 0x0000000084d00000, 0x00000000d5580000)
  object space 78848K, 18% used [0x0000000080000000,0x0000000080e32900,0x0000000084d00000)
 Metaspace       used 50691K, capacity 52946K, committed 53248K, reserved 1095680K
  class space    used 6944K, capacity 7363K, committed 7424K, reserved 1048576K
Event: 5.514 GC heap after
Heap after GC invocations=12 (full 2):
 PSYoungGen      total 133120K, used 10735K [0x00000000d5580000, 0x00000000de380000, 0x0000000100000000)
  eden space 122368K, 0% used [0x00000000d5580000,0x00000000d5580000,0x00000000dcd00000)
  from space 10752K, 99% used [0x00000000dd800000,0x00000000de27bd70,0x00000000de280000)
  to   space 11264K, 0% used [0x00000000dcd00000,0x00000000dcd00000,0x00000000dd800000)
 ParOldGen       total 78848K, used 24147K [0x0000000080000000, 0x0000000084d00000, 0x00000000d5580000)
  object space 78848K, 30% used [0x0000000080000000,0x0000000081794d38,0x0000000084d00000)
 Metaspace       used 50691K, capacity 52946K, committed 53248K, reserved 1095680K
  class space    used 6944K, capacity 7363K, committed 7424K, reserved 1048576K
}

