# JRE version: OpenJDK Runtime Environment (11.0.8+10) (build 11.0.8+10-b944.6842174)
# Java VM: OpenJDK 64-Bit Server VM (11.0.8+10-b944.6842174, mixed mode, tiered, compressed oops, g1 gc, windows-amd64)
Heap:
 garbage-first heap   total 414720K, used 169454K [0x0000000080000000, 0x0000000100000000)
  region size 1024K, 7 young (7168K), 7 survivors (7168K)
 Metaspace       used 92458K, capacity 94890K, committed 95824K, reserved 1132544K
  class space    used 12031K, capacity 12908K, committed 13184K, reserved 1048576K
GC Heap History (20 events):
Event: 9.458 GC heap after
{Heap after GC invocations=21 (full 0):
 garbage-first heap   total 212992K, used 94119K [0x0000000080000000, 0x0000000100000000)
  region size 1024K, 12 young (12288K), 12 survivors (12288K)
 Metaspace       used 85584K, capacity 87965K, committed 88016K, reserved 1126400K
  class space    used 11135K, capacity 11993K, committed 12032K, reserved 1048576K
}
Event: 9.766 GC heap before
{Heap before GC invocations=21 (full 0):
 garbage-first heap   total 212992K, used 160679K [0x0000000080000000, 0x0000000100000000)
  region size 1024K, 78 young (79872K), 12 survivors (12288K)
 Metaspace       used 86326K, capacity 88710K, committed 88912K, reserved 1126400K
  class space    used 11231K, capacity 12087K, committed 12160K, reserved 1048576K
}
Event: 9.785 GC heap after
{Heap after GC invocations=22 (full 0):
 garbage-first heap   total 212992K, used 111445K [0x0000000080000000, 0x0000000100000000)
  region size 1024K, 10 young (10240K), 10 survivors (10240K)
 Metaspace       used 86326K, capacity 88710K, committed 88912K, reserved 1126400K
  class space    used 11231K, capacity 12087K, committed 12160K, reserved 1048576K
}
Event: 10.087 GC heap before
{Heap before GC invocations=22 (full 0):
 garbage-first heap   total 212992K, used 161621K [0x0000000080000000, 0x0000000100000000)
  region size 1024K, 60 young (61440K), 10 survivors (10240K)
 Metaspace       used 90260K, capacity 92904K, committed 93008K, reserved 1130496K
  class space    used 11889K, capacity 12869K, committed 12928K, reserved 1048576K
}
Event: 10.106 GC heap after
{Heap after GC invocations=23 (full 0):
 garbage-first heap   total 260096K, used 121856K [0x0000000080000000, 0x0000000100000000)
  region size 1024K, 8 young (8192K), 8 survivors (8192K)
 Metaspace       used 90260K, capacity 92904K, committed 93008K, reserved 1130496K
  class space    used 11889K, capacity 12869K, committed 12928K, reserved 1048576K
}
Event: 10.352 GC heap before
{Heap before GC invocations=24 (full 0):
 garbage-first heap   total 260096K, used 187392K [0x0000000080000000, 0x0000000100000000)
  region size 1024K, 73 young (74752K), 8 survivors (8192K)
 Metaspace       used 90862K, capacity 93281K, committed 94160K, reserved 1130496K
  class space    used 11890K, capacity 12773K, committed 13056K, reserved 1048576K
}
Event: 10.368 GC heap after
{Heap after GC invocations=25 (full 0):
 garbage-first heap   total 260096K, used 132463K [0x0000000080000000, 0x0000000100000000)
  region size 1024K, 10 young (10240K), 10 survivors (10240K)
 Metaspace       used 90862K, capacity 93281K, committed 94160K, reserved 1130496K
  class space    used 11890K, capacity 12773K, committed 13056K, reserved 1048576K
}
Event: 10.534 GC heap before
{Heap before GC invocations=25 (full 0):
 garbage-first heap   total 260096K, used 194927K [0x0000000080000000, 0x0000000100000000)
  region size 1024K, 72 young (73728K), 10 survivors (10240K)
 Metaspace       used 91660K, capacity 94111K, committed 95056K, reserved 1130496K
  class space    used 11979K, capacity 12875K, committed 13184K, reserved 1048576K
}
Event: 10.546 GC heap after
{Heap after GC invocations=26 (full 0):
 garbage-first heap   total 260096K, used 138323K [0x0000000080000000, 0x0000000100000000)
  region size 1024K, 6 young (6144K), 6 survivors (6144K)
 Metaspace       used 91660K, capacity 94111K, committed 95056K, reserved 1130496K
  class space    used 11979K, capacity 12875K, committed 13184K, reserved 1048576K
}
Event: 10.783 GC heap before
{Heap before GC invocations=27 (full 0):
 garbage-first heap   total 260096K, used 199763K [0x0000000080000000, 0x0000000100000000)
  region size 1024K, 67 young (68608K), 6 survivors (6144K)
 Metaspace       used 92284K, capacity 94658K, committed 95568K, reserved 1132544K
  class space    used 12010K, capacity 12873K, committed 13184K, reserved 1048576K
}
Event: 10.797 GC heap after
{Heap after GC invocations=28 (full 0):
 garbage-first heap   total 260096K, used 145470K [0x0000000080000000, 0x0000000100000000)
  region size 1024K, 8 young (8192K), 8 survivors (8192K)
 Metaspace       used 92284K, capacity 94658K, committed 95568K, reserved 1132544K
  class space    used 12010K, capacity 12873K, committed 13184K, reserved 1048576K
}
Event: 10.886 GC heap before
{Heap before GC invocations=28 (full 0):
 garbage-first heap   total 260096K, used 204862K [0x0000000080000000, 0x0000000100000000)
  region size 1024K, 67 young (68608K), 8 survivors (8192K)
 Metaspace       used 92306K, capacity 94722K, committed 95568K, reserved 1132544K
  class space    used 12010K, capacity 12873K, committed 13184K, reserved 1048576K
}
Event: 10.900 GC heap after
{Heap after GC invocations=29 (full 0):
 garbage-first heap   total 312320K, used 153002K [0x0000000080000000, 0x0000000100000000)
  region size 1024K, 8 young (8192K), 8 survivors (8192K)
 Metaspace       used 92306K, capacity 94722K, committed 95568K, reserved 1132544K
  class space    used 12010K, capacity 12873K, committed 13184K, reserved 1048576K
}
Event: 11.009 GC heap before
{Heap before GC invocations=29 (full 0):
 garbage-first heap   total 312320K, used 233898K [0x0000000080000000, 0x0000000100000000)
  region size 1024K, 88 young (90112K), 8 survivors (8192K)
 Metaspace       used 92310K, capacity 94722K, committed 95568K, reserved 1132544K
  class space    used 12010K, capacity 12873K, committed 13184K, reserved 1048576K
}
Event: 11.022 GC heap after
{Heap after GC invocations=30 (full 0):
 garbage-first heap   total 312320K, used 162135K [0x0000000080000000, 0x0000000100000000)
  region size 1024K, 10 young (10240K), 10 survivors (10240K)
 Metaspace       used 92310K, capacity 94722K, committed 95568K, reserved 1132544K
  class space    used 12010K, capacity 12873K, committed 13184K, reserved 1048576K
}
Event: 11.166 GC heap before
{Heap before GC invocations=31 (full 0):
 garbage-first heap   total 312320K, used 242007K [0x0000000080000000, 0x0000000100000000)
  region size 1024K, 88 young (90112K), 10 survivors (10240K)
 Metaspace       used 92356K, capacity 94751K, committed 95568K, reserved 1132544K
  class space    used 12015K, capacity 12904K, committed 13184K, reserved 1048576K
}
Event: 11.181 GC heap after
{Heap after GC invocations=32 (full 0):
 garbage-first heap   total 312320K, used 169006K [0x0000000080000000, 0x0000000100000000)
  region size 1024K, 8 young (8192K), 8 survivors (8192K)
 Metaspace       used 92356K, capacity 94751K, committed 95568K, reserved 1132544K
  class space    used 12015K, capacity 12904K, committed 13184K, reserved 1048576K
}
Event: 11.196 GC heap before
{Heap before GC invocations=32 (full 0):
 garbage-first heap   total 312320K, used 176174K [0x0000000080000000, 0x0000000100000000)
  region size 1024K, 15 young (15360K), 8 survivors (8192K)
 Metaspace       used 92368K, capacity 94815K, committed 95568K, reserved 1132544K
  class space    used 12018K, capacity 12904K, committed 13184K, reserved 1048576K
}
Event: 11.206 GC heap after
{Heap after GC invocations=33 (full 0):
 garbage-first heap   total 312320K, used 164155K [0x0000000080000000, 0x0000000100000000)
  region size 1024K, 2 young (2048K), 2 survivors (2048K)
 Metaspace       used 92368K, capacity 94815K, committed 95568K, reserved 1132544K
  class space    used 12018K, capacity 12904K, committed 13184K, reserved 1048576K
}
Event: 11.314 GC heap before
{Heap before GC invocations=33 (full 0):
 garbage-first heap   total 312320K, used 244027K [0x0000000080000000, 0x0000000100000000)
  region size 1024K, 81 young (82944K), 2 survivors (2048K)
 Metaspace       used 92458K, capacity 94890K, committed 95824K, reserved 1132544K
  class space    used 12031K, capacity 12908K, committed 13184K, reserved 1048576K
}

