# JRE version: OpenJDK Runtime Environment (8.0_302-b08) (build 1.8.0_302-b08)
# Java VM: OpenJDK 64-Bit Server VM (25.302-b08 mixed mode windows-amd64 compressed oops)
Heap:
 PSYoungGen      total 343552K, used 211435K [0x00000000d5580000, 0x00000000f2900000, 0x0000000100000000)
  eden space 296960K, 68% used [0x00000000d5580000,0x00000000e1c880c8,0x00000000e7780000)
  from space 46592K, 16% used [0x00000000e7780000,0x00000000e7ef2e30,0x00000000ea500000)
  to   space 45568K, 0% used [0x00000000efc80000,0x00000000efc80000,0x00000000f2900000)
 ParOldGen       total 129536K, used 96937K [0x0000000080000000, 0x0000000087e80000, 0x00000000d5580000)
  object space 129536K, 74% used [0x0000000080000000,0x0000000085eaa620,0x0000000087e80000)
 Metaspace       used 88433K, capacity 95372K, committed 95488K, reserved 1130496K
  class space    used 12349K, capacity 13481K, committed 13568K, reserved 1048576K
GC Heap History (10 events):
Event: 6.638 GC heap before
{Heap before GC invocations=12 (full 2):
 PSYoungGen      total 212480K, used 169510K [0x00000000d5580000, 0x00000000e6e00000, 0x0000000100000000)
  eden space 199168K, 78% used [0x00000000d5580000,0x00000000dee0a7f0,0x00000000e1800000)
  from space 13312K, 99% used [0x00000000e1800000,0x00000000e24ff030,0x00000000e2500000)
  to   space 15872K, 0% used [0x00000000e5e80000,0x00000000e5e80000,0x00000000e6e00000)
 ParOldGen       total 81920K, used 16580K [0x0000000080000000, 0x0000000085000000, 0x00000000d5580000)
  object space 81920K, 20% used [0x0000000080000000,0x0000000081031208,0x0000000085000000)
 Metaspace       used 56757K, capacity 59132K, committed 59160K, reserved 1099776K
  class space    used 7966K, capacity 8441K, committed 8448K, reserved 1048576K
Event: 6.672 GC heap after
Heap after GC invocations=12 (full 2):
 PSYoungGen      total 265728K, used 15860K [0x00000000d5580000, 0x00000000e7a80000, 0x0000000100000000)
  eden space 249856K, 0% used [0x00000000d5580000,0x00000000d5580000,0x00000000e4980000)
  from space 15872K, 99% used [0x00000000e5e80000,0x00000000e6dfd310,0x00000000e6e00000)
  to   space 21504K, 0% used [0x00000000e4980000,0x00000000e4980000,0x00000000e5e80000)
 ParOldGen       total 81920K, used 25247K [0x0000000080000000, 0x0000000085000000, 0x00000000d5580000)
  object space 81920K, 30% used [0x0000000080000000,0x00000000818a7cc8,0x0000000085000000)
 Metaspace       used 56757K, capacity 59132K, committed 59160K, reserved 1099776K
  class space    used 7966K, capacity 8441K, committed 8448K, reserved 1048576K
}
Event: 6.672 GC heap before
{Heap before GC invocations=13 (full 3):
 PSYoungGen      total 265728K, used 15860K [0x00000000d5580000, 0x00000000e7a80000, 0x0000000100000000)
  eden space 249856K, 0% used [0x00000000d5580000,0x00000000d5580000,0x00000000e4980000)
  from space 15872K, 99% used [0x00000000e5e80000,0x00000000e6dfd310,0x00000000e6e00000)
  to   space 21504K, 0% used [0x00000000e4980000,0x00000000e4980000,0x00000000e5e80000)
 ParOldGen       total 81920K, used 25247K [0x0000000080000000, 0x0000000085000000, 0x00000000d5580000)
  object space 81920K, 30% used [0x0000000080000000,0x00000000818a7cc8,0x0000000085000000)
 Metaspace       used 56757K, capacity 59132K, committed 59160K, reserved 1099776K
  class space    used 7966K, capacity 8441K, committed 8448K, reserved 1048576K
Event: 6.798 GC heap after
Heap after GC invocations=13 (full 3):
 PSYoungGen      total 265728K, used 0K [0x00000000d5580000, 0x00000000e7a80000, 0x0000000100000000)
  eden space 249856K, 0% used [0x00000000d5580000,0x00000000d5580000,0x00000000e4980000)
  from space 15872K, 0% used [0x00000000e5e80000,0x00000000e5e80000,0x00000000e6e00000)
  to   space 21504K, 0% used [0x00000000e4980000,0x00000000e4980000,0x00000000e5e80000)
 ParOldGen       total 129536K, used 36880K [0x0000000080000000, 0x0000000087e80000, 0x00000000d5580000)
  object space 129536K, 28% used [0x0000000080000000,0x00000000824042b8,0x0000000087e80000)
 Metaspace       used 56657K, capacity 58796K, committed 59160K, reserved 1099776K
  class space    used 7934K, capacity 8385K, committed 8448K, reserved 1048576K
}
Event: 12.960 GC heap before
{Heap before GC invocations=14 (full 3):
 PSYoungGen      total 265728K, used 248196K [0x00000000d5580000, 0x00000000e7a80000, 0x0000000100000000)
  eden space 249856K, 99% used [0x00000000d5580000,0x00000000e47e1088,0x00000000e4980000)
  from space 15872K, 0% used [0x00000000e5e80000,0x00000000e5e80000,0x00000000e6e00000)
  to   space 21504K, 0% used [0x00000000e4980000,0x00000000e4980000,0x00000000e5e80000)
 ParOldGen       total 129536K, used 36880K [0x0000000080000000, 0x0000000087e80000, 0x00000000d5580000)
  object space 129536K, 28% used [0x0000000080000000,0x00000000824042b8,0x0000000087e80000)
 Metaspace       used 68167K, capacity 71698K, committed 71936K, reserved 1112064K
  class space    used 9567K, capacity 10194K, committed 10240K, reserved 1048576K
Event: 13.102 GC heap after
Heap after GC invocations=14 (full 3):
 PSYoungGen      total 271360K, used 21489K [0x00000000d5580000, 0x00000000ec300000, 0x0000000100000000)
  eden space 249856K, 0% used [0x00000000d5580000,0x00000000d5580000,0x00000000e4980000)
  from space 21504K, 99% used [0x00000000e4980000,0x00000000e5e7c4f0,0x00000000e5e80000)
  to   space 30720K, 0% used [0x00000000ea500000,0x00000000ea500000,0x00000000ec300000)
 ParOldGen       total 129536K, used 53588K [0x0000000080000000, 0x0000000087e80000, 0x00000000d5580000)
  object space 129536K, 41% used [0x0000000080000000,0x00000000834552c8,0x0000000087e80000)
 Metaspace       used 68167K, capacity 71698K, committed 71936K, reserved 1112064K
  class space    used 9567K, capacity 10194K, committed 10240K, reserved 1048576K
}
Event: 14.853 GC heap before
{Heap before GC invocations=15 (full 3):
 PSYoungGen      total 271360K, used 271345K [0x00000000d5580000, 0x00000000ec300000, 0x0000000100000000)
  eden space 249856K, 100% used [0x00000000d5580000,0x00000000e4980000,0x00000000e4980000)
  from space 21504K, 99% used [0x00000000e4980000,0x00000000e5e7c4f0,0x00000000e5e80000)
  to   space 30720K, 0% used [0x00000000ea500000,0x00000000ea500000,0x00000000ec300000)
 ParOldGen       total 129536K, used 53588K [0x0000000080000000, 0x0000000087e80000, 0x00000000d5580000)
  object space 129536K, 41% used [0x0000000080000000,0x00000000834552c8,0x0000000087e80000)
 Metaspace       used 77643K, capacity 81744K, committed 81792K, reserved 1120256K
  class space    used 10933K, capacity 11631K, committed 11648K, reserved 1048576K
Event: 15.020 GC heap after
Heap after GC invocations=15 (full 3):
 PSYoungGen      total 327680K, used 30707K [0x00000000d5580000, 0x00000000ef880000, 0x0000000100000000)
  eden space 296960K, 0% used [0x00000000d5580000,0x00000000d5580000,0x00000000e7780000)
  from space 30720K, 99% used [0x00000000ea500000,0x00000000ec2fcc90,0x00000000ec300000)
  to   space 46592K, 0% used [0x00000000e7780000,0x00000000e7780000,0x00000000ea500000)
 ParOldGen       total 129536K, used 83981K [0x0000000080000000, 0x0000000087e80000, 0x00000000d5580000)
  object space 129536K, 64% used [0x0000000080000000,0x00000000852037d8,0x0000000087e80000)
 Metaspace       used 77643K, capacity 81744K, committed 81792K, reserved 1120256K
  class space    used 10933K, capacity 11631K, committed 11648K, reserved 1048576K
}
Event: 20.809 GC heap before
{Heap before GC invocations=16 (full 3):
 PSYoungGen      total 327680K, used 327667K [0x00000000d5580000, 0x00000000ef880000, 0x0000000100000000)
  eden space 296960K, 100% used [0x00000000d5580000,0x00000000e7780000,0x00000000e7780000)
  from space 30720K, 99% used [0x00000000ea500000,0x00000000ec2fcc90,0x00000000ec300000)
  to   space 46592K, 0% used [0x00000000e7780000,0x00000000e7780000,0x00000000ea500000)
 ParOldGen       total 129536K, used 83981K [0x0000000080000000, 0x0000000087e80000, 0x00000000d5580000)
  object space 129536K, 64% used [0x0000000080000000,0x00000000852037d8,0x0000000087e80000)
 Metaspace       used 82800K, capacity 87884K, committed 88064K, reserved 1124352K
  class space    used 11554K, capacity 12423K, committed 12544K, reserved 1048576K
Event: 20.833 GC heap after
Heap after GC invocations=16 (full 3):
 PSYoungGen      total 343552K, used 7627K [0x00000000d5580000, 0x00000000f2900000, 0x0000000100000000)
  eden space 296960K, 0% used [0x00000000d5580000,0x00000000d5580000,0x00000000e7780000)
  from space 46592K, 16% used [0x00000000e7780000,0x00000000e7ef2e30,0x00000000ea500000)
  to   space 45568K, 0% used [0x00000000efc80000,0x00000000efc80000,0x00000000f2900000)
 ParOldGen       total 129536K, used 96937K [0x0000000080000000, 0x0000000087e80000, 0x00000000d5580000)
  object space 129536K, 74% used [0x0000000080000000,0x0000000085eaa620,0x0000000087e80000)
 Metaspace       used 82800K, capacity 87884K, committed 88064K, reserved 1124352K
  class space    used 11554K, capacity 12423K, committed 12544K, reserved 1048576K
}

