# JRE version: OpenJDK Runtime Environment (8.0_302-b08) (build 1.8.0_302-b08)
# Java VM: OpenJDK 64-Bit Server VM (25.302-b08 mixed mode windows-amd64 compressed oops)
Heap:
 PSYoungGen      total 349184K, used 39054K [0x00000000d5580000, 0x00000000ec980000, 0x0000000100000000)
  eden space 323584K, 5% used [0x00000000d5580000,0x00000000d659e0f0,0x00000000e9180000)
  from space 25600K, 88% used [0x00000000eb080000,0x00000000ec6857b8,0x00000000ec980000)
  to   space 28672K, 0% used [0x00000000e9180000,0x00000000e9180000,0x00000000ead80000)
 ParOldGen       total 121856K, used 52777K [0x0000000080000000, 0x0000000087700000, 0x00000000d5580000)
  object space 121856K, 43% used [0x0000000080000000,0x000000008338a490,0x0000000087700000)
 Metaspace       used 90972K, capacity 96090K, committed 96384K, reserved 1132544K
  class space    used 12412K, capacity 13385K, committed 13440K, reserved 1048576K
GC Heap History (10 events):
Event: 10.210 GC heap before
{Heap before GC invocations=11 (full 2):
 PSYoungGen      total 216064K, used 201728K [0x00000000d5580000, 0x00000000e3880000, 0x0000000100000000)
  eden space 201728K, 100% used [0x00000000d5580000,0x00000000e1a80000,0x00000000e1a80000)
  from space 14336K, 0% used [0x00000000e2800000,0x00000000e2800000,0x00000000e3600000)
  to   space 13824K, 0% used [0x00000000e1a80000,0x00000000e1a80000,0x00000000e2800000)
 ParOldGen       total 79360K, used 15139K [0x0000000080000000, 0x0000000084d80000, 0x00000000d5580000)
  object space 79360K, 19% used [0x0000000080000000,0x0000000080ec8d50,0x0000000084d80000)
 Metaspace       used 43440K, capacity 45608K, committed 45824K, reserved 1089536K
  class space    used 5930K, capacity 6365K, committed 6400K, reserved 1048576K
Event: 10.225 GC heap after
Heap after GC invocations=11 (full 2):
 PSYoungGen      total 215552K, used 13795K [0x00000000d5580000, 0x00000000e7600000, 0x0000000100000000)
  eden space 201728K, 0% used [0x00000000d5580000,0x00000000d5580000,0x00000000e1a80000)
  from space 13824K, 99% used [0x00000000e1a80000,0x00000000e27f8e88,0x00000000e2800000)
  to   space 16384K, 0% used [0x00000000e6600000,0x00000000e6600000,0x00000000e7600000)
 ParOldGen       total 79360K, used 17291K [0x0000000080000000, 0x0000000084d80000, 0x00000000d5580000)
  object space 79360K, 21% used [0x0000000080000000,0x00000000810e2d20,0x0000000084d80000)
 Metaspace       used 43440K, capacity 45608K, committed 45824K, reserved 1089536K
  class space    used 5930K, capacity 6365K, committed 6400K, reserved 1048576K
}
Event: 11.896 GC heap before
{Heap before GC invocations=12 (full 2):
 PSYoungGen      total 215552K, used 153679K [0x00000000d5580000, 0x00000000e7600000, 0x0000000100000000)
  eden space 201728K, 69% used [0x00000000d5580000,0x00000000dde1b008,0x00000000e1a80000)
  from space 13824K, 99% used [0x00000000e1a80000,0x00000000e27f8e88,0x00000000e2800000)
  to   space 16384K, 0% used [0x00000000e6600000,0x00000000e6600000,0x00000000e7600000)
 ParOldGen       total 79360K, used 17291K [0x0000000080000000, 0x0000000084d80000, 0x00000000d5580000)
  object space 79360K, 21% used [0x0000000080000000,0x00000000810e2d20,0x0000000084d80000)
 Metaspace       used 56345K, capacity 58950K, committed 59008K, reserved 1099776K
  class space    used 7573K, capacity 8035K, committed 8064K, reserved 1048576K
Event: 11.933 GC heap after
Heap after GC invocations=12 (full 2):
 PSYoungGen      total 273920K, used 16356K [0x00000000d5580000, 0x00000000e8280000, 0x0000000100000000)
  eden space 257536K, 0% used [0x00000000d5580000,0x00000000d5580000,0x00000000e5100000)
  from space 16384K, 99% used [0x00000000e6600000,0x00000000e75f93c0,0x00000000e7600000)
  to   space 21504K, 0% used [0x00000000e5100000,0x00000000e5100000,0x00000000e6600000)
 ParOldGen       total 79360K, used 25380K [0x0000000080000000, 0x0000000084d80000, 0x00000000d5580000)
  object space 79360K, 31% used [0x0000000080000000,0x00000000818c9098,0x0000000084d80000)
 Metaspace       used 56345K, capacity 58950K, committed 59008K, reserved 1099776K
  class space    used 7573K, capacity 8035K, committed 8064K, reserved 1048576K
}
Event: 11.934 GC heap before
{Heap before GC invocations=13 (full 3):
 PSYoungGen      total 273920K, used 16356K [0x00000000d5580000, 0x00000000e8280000, 0x0000000100000000)
  eden space 257536K, 0% used [0x00000000d5580000,0x00000000d5580000,0x00000000e5100000)
  from space 16384K, 99% used [0x00000000e6600000,0x00000000e75f93c0,0x00000000e7600000)
  to   space 21504K, 0% used [0x00000000e5100000,0x00000000e5100000,0x00000000e6600000)
 ParOldGen       total 79360K, used 25380K [0x0000000080000000, 0x0000000084d80000, 0x00000000d5580000)
  object space 79360K, 31% used [0x0000000080000000,0x00000000818c9098,0x0000000084d80000)
 Metaspace       used 56345K, capacity 58950K, committed 59008K, reserved 1099776K
  class space    used 7573K, capacity 8035K, committed 8064K, reserved 1048576K
Event: 12.123 GC heap after
Heap after GC invocations=13 (full 3):
 PSYoungGen      total 273920K, used 0K [0x00000000d5580000, 0x00000000e8280000, 0x0000000100000000)
  eden space 257536K, 0% used [0x00000000d5580000,0x00000000d5580000,0x00000000e5100000)
  from space 16384K, 0% used [0x00000000e6600000,0x00000000e6600000,0x00000000e7600000)
  to   space 21504K, 0% used [0x00000000e5100000,0x00000000e5100000,0x00000000e6600000)
 ParOldGen       total 121856K, used 36553K [0x0000000080000000, 0x0000000087700000, 0x00000000d5580000)
  object space 121856K, 29% used [0x0000000080000000,0x00000000823b2518,0x0000000087700000)
 Metaspace       used 56171K, capacity 58432K, committed 59008K, reserved 1099776K
  class space    used 7522K, capacity 7960K, committed 8064K, reserved 1048576K
}
Event: 15.409 GC heap before
{Heap before GC invocations=14 (full 3):
 PSYoungGen      total 273920K, used 257536K [0x00000000d5580000, 0x00000000e8280000, 0x0000000100000000)
  eden space 257536K, 100% used [0x00000000d5580000,0x00000000e5100000,0x00000000e5100000)
  from space 16384K, 0% used [0x00000000e6600000,0x00000000e6600000,0x00000000e7600000)
  to   space 21504K, 0% used [0x00000000e5100000,0x00000000e5100000,0x00000000e6600000)
 ParOldGen       total 121856K, used 36553K [0x0000000080000000, 0x0000000087700000, 0x00000000d5580000)
  object space 121856K, 29% used [0x0000000080000000,0x00000000823b2518,0x0000000087700000)
 Metaspace       used 71048K, capacity 73968K, committed 74112K, reserved 1114112K
  class space    used 9772K, capacity 10333K, committed 10368K, reserved 1048576K
Event: 15.451 GC heap after
Heap after GC invocations=14 (full 3):
 PSYoungGen      total 279040K, used 21490K [0x00000000d5580000, 0x00000000eca00000, 0x0000000100000000)
  eden space 257536K, 0% used [0x00000000d5580000,0x00000000d5580000,0x00000000e5100000)
  from space 21504K, 99% used [0x00000000e5100000,0x00000000e65fca80,0x00000000e6600000)
  to   space 26112K, 0% used [0x00000000eb080000,0x00000000eb080000,0x00000000eca00000)
 ParOldGen       total 121856K, used 39409K [0x0000000080000000, 0x0000000087700000, 0x00000000d5580000)
  object space 121856K, 32% used [0x0000000080000000,0x000000008267c668,0x0000000087700000)
 Metaspace       used 71048K, capacity 73968K, committed 74112K, reserved 1114112K
  class space    used 9772K, capacity 10333K, committed 10368K, reserved 1048576K
}
Event: 20.386 GC heap before
{Heap before GC invocations=15 (full 3):
 PSYoungGen      total 279040K, used 279026K [0x00000000d5580000, 0x00000000eca00000, 0x0000000100000000)
  eden space 257536K, 100% used [0x00000000d5580000,0x00000000e5100000,0x00000000e5100000)
  from space 21504K, 99% used [0x00000000e5100000,0x00000000e65fca80,0x00000000e6600000)
  to   space 26112K, 0% used [0x00000000eb080000,0x00000000eb080000,0x00000000eca00000)
 ParOldGen       total 121856K, used 39409K [0x0000000080000000, 0x0000000087700000, 0x00000000d5580000)
  object space 121856K, 32% used [0x0000000080000000,0x000000008267c668,0x0000000087700000)
 Metaspace       used 89879K, capacity 94880K, committed 94976K, reserved 1130496K
  class space    used 12353K, capacity 13290K, committed 13312K, reserved 1048576K
Event: 20.422 GC heap after
Heap after GC invocations=15 (full 3):
 PSYoungGen      total 349184K, used 22549K [0x00000000d5580000, 0x00000000ec980000, 0x0000000100000000)
  eden space 323584K, 0% used [0x00000000d5580000,0x00000000d5580000,0x00000000e9180000)
  from space 25600K, 88% used [0x00000000eb080000,0x00000000ec6857b8,0x00000000ec980000)
  to   space 28672K, 0% used [0x00000000e9180000,0x00000000e9180000,0x00000000ead80000)
 ParOldGen       total 121856K, used 52777K [0x0000000080000000, 0x0000000087700000, 0x00000000d5580000)
  object space 121856K, 43% used [0x0000000080000000,0x000000008338a490,0x0000000087700000)
 Metaspace       used 89879K, capacity 94880K, committed 94976K, reserved 1130496K
  class space    used 12353K, capacity 13290K, committed 13312K, reserved 1048576K
}

