# JRE version: OpenJDK Runtime Environment (8.0_302-b08) (build 1.8.0_302-b08)
# Java VM: OpenJDK 64-Bit Server VM (25.302-b08 mixed mode windows-amd64 compressed oops)
Heap:
 PSYoungGen      total 465920K, used 207997K [0x00000000d5580000, 0x0000000100000000, 0x0000000100000000)
  eden space 232960K, 82% used [0x00000000d5580000,0x00000000e119ee30,0x00000000e3900000)
  from space 232960K, 6% used [0x00000000f1c80000,0x00000000f2b80678,0x0000000100000000)
  to   space 232960K, 0% used [0x00000000e3900000,0x00000000e3900000,0x00000000f1c80000)
 ParOldGen       total 818688K, used 516373K [0x0000000080000000, 0x00000000b1f80000, 0x00000000d5580000)
  object space 818688K, 63% used [0x0000000080000000,0x000000009f8455c8,0x00000000b1f80000)
 Metaspace       used 138140K, capacity 145358K, committed 145536K, reserved 1175552K
  class space    used 17584K, capacity 18956K, committed 19072K, reserved 1048576K
GC Heap History (10 events):
Event: 1564.791 GC heap before
{Heap before GC invocations=27 (full 5):
 PSYoungGen      total 465920K, used 233216K [0x00000000d5580000, 0x0000000100000000, 0x0000000100000000)
  eden space 232960K, 100% used [0x00000000d5580000,0x00000000e3900000,0x00000000e3900000)
  from space 232960K, 0% used [0x00000000e3900000,0x00000000e3940000,0x00000000f1c80000)
  to   space 232960K, 0% used [0x00000000f1c80000,0x00000000f1c80000,0x0000000100000000)
 ParOldGen       total 818688K, used 496502K [0x0000000080000000, 0x00000000b1f80000, 0x00000000d5580000)
  object space 818688K, 60% used [0x0000000080000000,0x000000009e4dda88,0x00000000b1f80000)
 Metaspace       used 135232K, capacity 141936K, committed 142336K, reserved 1173504K
  class space    used 17281K, capacity 18537K, committed 18688K, reserved 1048576K
Event: 1564.813 GC heap after
Heap after GC invocations=27 (full 5):
 PSYoungGen      total 465920K, used 12115K [0x00000000d5580000, 0x0000000100000000, 0x0000000100000000)
  eden space 232960K, 0% used [0x00000000d5580000,0x00000000d5580000,0x00000000e3900000)
  from space 232960K, 5% used [0x00000000f1c80000,0x00000000f2854fc8,0x0000000100000000)
  to   space 232960K, 0% used [0x00000000e3900000,0x00000000e3900000,0x00000000f1c80000)
 ParOldGen       total 818688K, used 496589K [0x0000000080000000, 0x00000000b1f80000, 0x00000000d5580000)
  object space 818688K, 60% used [0x0000000080000000,0x000000009e4f3698,0x00000000b1f80000)
 Metaspace       used 135232K, capacity 141936K, committed 142336K, reserved 1173504K
  class space    used 17281K, capacity 18537K, committed 18688K, reserved 1048576K
}
Event: 1568.897 GC heap before
{Heap before GC invocations=28 (full 5):
 PSYoungGen      total 465920K, used 245075K [0x00000000d5580000, 0x0000000100000000, 0x0000000100000000)
  eden space 232960K, 100% used [0x00000000d5580000,0x00000000e3900000,0x00000000e3900000)
  from space 232960K, 5% used [0x00000000f1c80000,0x00000000f2854fc8,0x0000000100000000)
  to   space 232960K, 0% used [0x00000000e3900000,0x00000000e3900000,0x00000000f1c80000)
 ParOldGen       total 818688K, used 496589K [0x0000000080000000, 0x00000000b1f80000, 0x00000000d5580000)
  object space 818688K, 60% used [0x0000000080000000,0x000000009e4f3698,0x00000000b1f80000)
 Metaspace       used 137108K, capacity 143950K, committed 144384K, reserved 1175552K
  class space    used 17485K, capacity 18814K, committed 18944K, reserved 1048576K
Event: 1568.922 GC heap after
Heap after GC invocations=28 (full 5):
 PSYoungGen      total 465920K, used 21561K [0x00000000d5580000, 0x0000000100000000, 0x0000000100000000)
  eden space 232960K, 0% used [0x00000000d5580000,0x00000000d5580000,0x00000000e3900000)
  from space 232960K, 9% used [0x00000000e3900000,0x00000000e4e0e500,0x00000000f1c80000)
  to   space 232960K, 0% used [0x00000000f1c80000,0x00000000f1c80000,0x0000000100000000)
 ParOldGen       total 818688K, used 497045K [0x0000000080000000, 0x00000000b1f80000, 0x00000000d5580000)
  object space 818688K, 60% used [0x0000000080000000,0x000000009e565698,0x00000000b1f80000)
 Metaspace       used 137108K, capacity 143950K, committed 144384K, reserved 1175552K
  class space    used 17485K, capacity 18814K, committed 18944K, reserved 1048576K
}
Event: 1574.128 GC heap before
{Heap before GC invocations=29 (full 5):
 PSYoungGen      total 465920K, used 254521K [0x00000000d5580000, 0x0000000100000000, 0x0000000100000000)
  eden space 232960K, 100% used [0x00000000d5580000,0x00000000e3900000,0x00000000e3900000)
  from space 232960K, 9% used [0x00000000e3900000,0x00000000e4e0e500,0x00000000f1c80000)
  to   space 232960K, 0% used [0x00000000f1c80000,0x00000000f1c80000,0x0000000100000000)
 ParOldGen       total 818688K, used 497045K [0x0000000080000000, 0x00000000b1f80000, 0x00000000d5580000)
  object space 818688K, 60% used [0x0000000080000000,0x000000009e565698,0x00000000b1f80000)
 Metaspace       used 137372K, capacity 144312K, committed 144640K, reserved 1175552K
  class space    used 17521K, capacity 18841K, committed 18944K, reserved 1048576K
Event: 1574.137 GC heap after
Heap after GC invocations=29 (full 5):
 PSYoungGen      total 465920K, used 2048K [0x00000000d5580000, 0x0000000100000000, 0x0000000100000000)
  eden space 232960K, 0% used [0x00000000d5580000,0x00000000d5580000,0x00000000e3900000)
  from space 232960K, 0% used [0x00000000f1c80000,0x00000000f1e80000,0x0000000100000000)
  to   space 232960K, 0% used [0x00000000e3900000,0x00000000e3900000,0x00000000f1c80000)
 ParOldGen       total 818688K, used 499143K [0x0000000080000000, 0x00000000b1f80000, 0x00000000d5580000)
  object space 818688K, 60% used [0x0000000080000000,0x000000009e771dd0,0x00000000b1f80000)
 Metaspace       used 137372K, capacity 144312K, committed 144640K, reserved 1175552K
  class space    used 17521K, capacity 18841K, committed 18944K, reserved 1048576K
}
Event: 1576.265 GC heap before
{Heap before GC invocations=30 (full 5):
 PSYoungGen      total 465920K, used 235008K [0x00000000d5580000, 0x0000000100000000, 0x0000000100000000)
  eden space 232960K, 100% used [0x00000000d5580000,0x00000000e3900000,0x00000000e3900000)
  from space 232960K, 0% used [0x00000000f1c80000,0x00000000f1e80000,0x0000000100000000)
  to   space 232960K, 0% used [0x00000000e3900000,0x00000000e3900000,0x00000000f1c80000)
 ParOldGen       total 818688K, used 499143K [0x0000000080000000, 0x00000000b1f80000, 0x00000000d5580000)
  object space 818688K, 60% used [0x0000000080000000,0x000000009e771dd0,0x00000000b1f80000)
 Metaspace       used 137928K, capacity 145154K, committed 145280K, reserved 1175552K
  class space    used 17576K, capacity 18946K, committed 19072K, reserved 1048576K
Event: 1576.297 GC heap after
Heap after GC invocations=30 (full 5):
 PSYoungGen      total 465920K, used 22447K [0x00000000d5580000, 0x0000000100000000, 0x0000000100000000)
  eden space 232960K, 0% used [0x00000000d5580000,0x00000000d5580000,0x00000000e3900000)
  from space 232960K, 9% used [0x00000000e3900000,0x00000000e4eebc18,0x00000000f1c80000)
  to   space 232960K, 0% used [0x00000000f1c80000,0x00000000f1c80000,0x0000000100000000)
 ParOldGen       total 818688K, used 500845K [0x0000000080000000, 0x00000000b1f80000, 0x00000000d5580000)
  object space 818688K, 61% used [0x0000000080000000,0x000000009e91b750,0x00000000b1f80000)
 Metaspace       used 137928K, capacity 145154K, committed 145280K, reserved 1175552K
  class space    used 17576K, capacity 18946K, committed 19072K, reserved 1048576K
}
Event: 1579.497 GC heap before
{Heap before GC invocations=31 (full 5):
 PSYoungGen      total 465920K, used 255407K [0x00000000d5580000, 0x0000000100000000, 0x0000000100000000)
  eden space 232960K, 100% used [0x00000000d5580000,0x00000000e3900000,0x00000000e3900000)
  from space 232960K, 9% used [0x00000000e3900000,0x00000000e4eebc18,0x00000000f1c80000)
  to   space 232960K, 0% used [0x00000000f1c80000,0x00000000f1c80000,0x0000000100000000)
 ParOldGen       total 818688K, used 500845K [0x0000000080000000, 0x00000000b1f80000, 0x00000000d5580000)
  object space 818688K, 61% used [0x0000000080000000,0x000000009e91b750,0x00000000b1f80000)
 Metaspace       used 138079K, capacity 145332K, committed 145536K, reserved 1175552K
  class space    used 17580K, capacity 18951K, committed 19072K, reserved 1048576K
Event: 1579.569 GC heap after
Heap after GC invocations=31 (full 5):
 PSYoungGen      total 465920K, used 15361K [0x00000000d5580000, 0x0000000100000000, 0x0000000100000000)
  eden space 232960K, 0% used [0x00000000d5580000,0x00000000d5580000,0x00000000e3900000)
  from space 232960K, 6% used [0x00000000f1c80000,0x00000000f2b80678,0x0000000100000000)
  to   space 232960K, 0% used [0x00000000e3900000,0x00000000e3900000,0x00000000f1c80000)
 ParOldGen       total 818688K, used 516373K [0x0000000080000000, 0x00000000b1f80000, 0x00000000d5580000)
  object space 818688K, 63% used [0x0000000080000000,0x000000009f8455c8,0x00000000b1f80000)
 Metaspace       used 138079K, capacity 145332K, committed 145536K, reserved 1175552K
  class space    used 17580K, capacity 18951K, committed 19072K, reserved 1048576K
}

