# JRE version: OpenJDK Runtime Environment (11.0.8+10) (build 11.0.8+10-b944.6842174)
# Java VM: OpenJDK 64-Bit Server VM (11.0.8+10-b944.6842174, mixed mode, tiered, compressed oops, g1 gc, windows-amd64)
Heap:
 garbage-first heap   total 598016K, used 156587K [0x0000000080000000, 0x0000000100000000)
  region size 1024K, 17 young (17408K), 17 survivors (17408K)
 Metaspace       used 96870K, capacity 99145K, committed 100944K, reserved 1136640K
  class space    used 12129K, capacity 12962K, committed 13696K, reserved 1048576K
GC Heap History (20 events):
Event: 38.197 GC heap after
{Heap after GC invocations=34 (full 0):
 garbage-first heap   total 212992K, used 137208K [0x0000000080000000, 0x0000000100000000)
  region size 1024K, 4 young (4096K), 4 survivors (4096K)
 Metaspace       used 96220K, capacity 98585K, committed 100176K, reserved 1136640K
  class space    used 12164K, capacity 13030K, committed 13696K, reserved 1048576K
}
Event: 38.331 GC heap before
{Heap before GC invocations=35 (full 0):
 garbage-first heap   total 212992K, used 180216K [0x0000000080000000, 0x0000000100000000)
  region size 1024K, 46 young (47104K), 4 survivors (4096K)
 Metaspace       used 96299K, capacity 98571K, committed 100432K, reserved 1136640K
  class space    used 12122K, capacity 12954K, committed 13696K, reserved 1048576K
}
Event: 38.338 GC heap after
{Heap after GC invocations=36 (full 0):
 garbage-first heap   total 212992K, used 139025K [0x0000000080000000, 0x0000000100000000)
  region size 1024K, 5 young (5120K), 5 survivors (5120K)
 Metaspace       used 96299K, capacity 98571K, committed 100432K, reserved 1136640K
  class space    used 12122K, capacity 12954K, committed 13696K, reserved 1048576K
}
Event: 38.350 GC heap before
{Heap before GC invocations=36 (full 0):
 garbage-first heap   total 212992K, used 144145K [0x0000000080000000, 0x0000000100000000)
  region size 1024K, 10 young (10240K), 5 survivors (5120K)
 Metaspace       used 96300K, capacity 98571K, committed 100432K, reserved 1136640K
  class space    used 12122K, capacity 12954K, committed 13696K, reserved 1048576K
}
Event: 38.359 GC heap after
{Heap after GC invocations=37 (full 0):
 garbage-first heap   total 279552K, used 138385K [0x0000000080000000, 0x0000000100000000)
  region size 1024K, 1 young (1024K), 1 survivors (1024K)
 Metaspace       used 96300K, capacity 98571K, committed 100432K, reserved 1136640K
  class space    used 12122K, capacity 12954K, committed 13696K, reserved 1048576K
}
Event: 38.509 GC heap before
{Heap before GC invocations=37 (full 0):
 garbage-first heap   total 279552K, used 212113K [0x0000000080000000, 0x0000000100000000)
  region size 1024K, 73 young (74752K), 1 survivors (1024K)
 Metaspace       used 96579K, capacity 98907K, committed 100688K, reserved 1136640K
  class space    used 12122K, capacity 12954K, committed 13696K, reserved 1048576K
}
Event: 38.514 GC heap after
{Heap after GC invocations=38 (full 0):
 garbage-first heap   total 279552K, used 139918K [0x0000000080000000, 0x0000000100000000)
  region size 1024K, 3 young (3072K), 3 survivors (3072K)
 Metaspace       used 96579K, capacity 98907K, committed 100688K, reserved 1136640K
  class space    used 12122K, capacity 12954K, committed 13696K, reserved 1048576K
}
Event: 38.679 GC heap before
{Heap before GC invocations=38 (full 0):
 garbage-first heap   total 279552K, used 216718K [0x0000000080000000, 0x0000000100000000)
  region size 1024K, 78 young (79872K), 3 survivors (3072K)
 Metaspace       used 96685K, capacity 98978K, committed 100688K, reserved 1136640K
  class space    used 12122K, capacity 12954K, committed 13696K, reserved 1048576K
}
Event: 38.685 GC heap after
{Heap after GC invocations=39 (full 0):
 garbage-first heap   total 279552K, used 141239K [0x0000000080000000, 0x0000000100000000)
  region size 1024K, 4 young (4096K), 4 survivors (4096K)
 Metaspace       used 96685K, capacity 98978K, committed 100688K, reserved 1136640K
  class space    used 12122K, capacity 12954K, committed 13696K, reserved 1048576K
}
Event: 38.813 GC heap before
{Heap before GC invocations=40 (full 0):
 garbage-first heap   total 279552K, used 220087K [0x0000000080000000, 0x0000000100000000)
  region size 1024K, 82 young (83968K), 4 survivors (4096K)
 Metaspace       used 96727K, capacity 98980K, committed 100688K, reserved 1136640K
  class space    used 12122K, capacity 12954K, committed 13696K, reserved 1048576K
}
Event: 38.820 GC heap after
{Heap after GC invocations=41 (full 0):
 garbage-first heap   total 279552K, used 143754K [0x0000000080000000, 0x0000000100000000)
  region size 1024K, 7 young (7168K), 7 survivors (7168K)
 Metaspace       used 96727K, capacity 98980K, committed 100688K, reserved 1136640K
  class space    used 12122K, capacity 12954K, committed 13696K, reserved 1048576K
}
Event: 38.929 GC heap before
{Heap before GC invocations=41 (full 0):
 garbage-first heap   total 279552K, used 223626K [0x0000000080000000, 0x0000000100000000)
  region size 1024K, 85 young (87040K), 7 survivors (7168K)
 Metaspace       used 96750K, capacity 99048K, committed 100944K, reserved 1136640K
  class space    used 12122K, capacity 12954K, committed 13696K, reserved 1048576K
}
Event: 38.942 GC heap after
{Heap after GC invocations=42 (full 0):
 garbage-first heap   total 406528K, used 144338K [0x0000000080000000, 0x0000000100000000)
  region size 1024K, 5 young (5120K), 5 survivors (5120K)
 Metaspace       used 96750K, capacity 99048K, committed 100944K, reserved 1136640K
  class space    used 12122K, capacity 12954K, committed 13696K, reserved 1048576K
}
Event: 39.225 GC heap before
{Heap before GC invocations=42 (full 0):
 garbage-first heap   total 406528K, used 295890K [0x0000000080000000, 0x0000000100000000)
  region size 1024K, 153 young (156672K), 5 survivors (5120K)
 Metaspace       used 96787K, capacity 99065K, committed 100944K, reserved 1136640K
  class space    used 12124K, capacity 12957K, committed 13696K, reserved 1048576K
}
Event: 39.233 GC heap after
{Heap after GC invocations=43 (full 0):
 garbage-first heap   total 406528K, used 147553K [0x0000000080000000, 0x0000000100000000)
  region size 1024K, 8 young (8192K), 8 survivors (8192K)
 Metaspace       used 96787K, capacity 99065K, committed 100944K, reserved 1136640K
  class space    used 12124K, capacity 12957K, committed 13696K, reserved 1048576K
}
Event: 39.467 GC heap before
{Heap before GC invocations=43 (full 0):
 garbage-first heap   total 406528K, used 313441K [0x0000000080000000, 0x0000000100000000)
  region size 1024K, 170 young (174080K), 8 survivors (8192K)
 Metaspace       used 96821K, capacity 99065K, committed 100944K, reserved 1136640K
  class space    used 12126K, capacity 12957K, committed 13696K, reserved 1048576K
}
Event: 39.475 GC heap after
{Heap after GC invocations=44 (full 0):
 garbage-first heap   total 406528K, used 149828K [0x0000000080000000, 0x0000000100000000)
  region size 1024K, 11 young (11264K), 11 survivors (11264K)
 Metaspace       used 96821K, capacity 99065K, committed 100944K, reserved 1136640K
  class space    used 12126K, capacity 12957K, committed 13696K, reserved 1048576K
}
Event: 39.731 GC heap before
{Heap before GC invocations=44 (full 0):
 garbage-first heap   total 406528K, used 325956K [0x0000000080000000, 0x0000000100000000)
  region size 1024K, 183 young (187392K), 11 survivors (11264K)
 Metaspace       used 96853K, capacity 99145K, committed 100944K, reserved 1136640K
  class space    used 12129K, capacity 12962K, committed 13696K, reserved 1048576K
}
Event: 39.743 GC heap after
{Heap after GC invocations=45 (full 0):
 garbage-first heap   total 406528K, used 153202K [0x0000000080000000, 0x0000000100000000)
  region size 1024K, 14 young (14336K), 14 survivors (14336K)
 Metaspace       used 96853K, capacity 99145K, committed 100944K, reserved 1136640K
  class space    used 12129K, capacity 12962K, committed 13696K, reserved 1048576K
}
Event: 39.992 GC heap before
{Heap before GC invocations=45 (full 0):
 garbage-first heap   total 406528K, used 342642K [0x0000000080000000, 0x0000000100000000)
  region size 1024K, 199 young (203776K), 14 survivors (14336K)
 Metaspace       used 96870K, capacity 99145K, committed 100944K, reserved 1136640K
  class space    used 12129K, capacity 12962K, committed 13696K, reserved 1048576K
}

