# JRE version: OpenJDK Runtime Environment (8.0_302-b08) (build 1.8.0_302-b08)
# Java VM: OpenJDK 64-Bit Server VM (25.302-b08 mixed mode windows-amd64 compressed oops)
Heap:
 PSYoungGen      total 479232K, used 365405K [0x00000000d5580000, 0x0000000100000000, 0x0000000100000000)
  eden space 373248K, 96% used [0x00000000d5580000,0x00000000eb542ea8,0x00000000ec200000)
  from space 105984K, 4% used [0x00000000ec200000,0x00000000ec714760,0x00000000f2980000)
  to   space 103424K, 0% used [0x00000000f9b00000,0x00000000f9b00000,0x0000000100000000)
 ParOldGen       total 421376K, used 222093K [0x0000000080000000, 0x0000000099b80000, 0x00000000d5580000)
  object space 421376K, 52% used [0x0000000080000000,0x000000008d8e3608,0x0000000099b80000)
 Metaspace       used 109132K, capacity 114720K, committed 114816K, reserved 1148928K
  class space    used 14374K, capacity 15467K, committed 15488K, reserved 1048576K
GC Heap History (10 events):
Event: 251.628 GC heap before
{Heap before GC invocations=18 (full 4):
 PSYoungGen      total 362496K, used 267915K [0x00000000d5580000, 0x00000000f5100000, 0x0000000100000000)
  eden space 335360K, 79% used [0x00000000d5580000,0x00000000e5b22e28,0x00000000e9d00000)
  from space 27136K, 0% used [0x00000000e9d00000,0x00000000e9d00000,0x00000000eb780000)
  to   space 40448K, 0% used [0x00000000f2980000,0x00000000f2980000,0x00000000f5100000)
 ParOldGen       total 197120K, used 84400K [0x0000000080000000, 0x000000008c080000, 0x00000000d5580000)
  object space 197120K, 42% used [0x0000000080000000,0x000000008526c110,0x000000008c080000)
 Metaspace       used 93037K, capacity 97366K, committed 99200K, reserved 1134592K
  class space    used 12360K, capacity 13256K, committed 13696K, reserved 1048576K
Event: 252.243 GC heap after
Heap after GC invocations=18 (full 4):
 PSYoungGen      total 413696K, used 40419K [0x00000000d5580000, 0x0000000100000000, 0x0000000100000000)
  eden space 373248K, 0% used [0x00000000d5580000,0x00000000d5580000,0x00000000ec200000)
  from space 40448K, 99% used [0x00000000f2980000,0x00000000f50f8de0,0x00000000f5100000)
  to   space 105984K, 0% used [0x00000000ec200000,0x00000000ec200000,0x00000000f2980000)
 ParOldGen       total 327168K, used 243596K [0x0000000080000000, 0x0000000093f80000, 0x00000000d5580000)
  object space 327168K, 74% used [0x0000000080000000,0x000000008ede3150,0x0000000093f80000)
 Metaspace       used 93037K, capacity 97366K, committed 99200K, reserved 1134592K
  class space    used 12360K, capacity 13256K, committed 13696K, reserved 1048576K
}
Event: 253.067 GC heap before
{Heap before GC invocations=19 (full 4):
 PSYoungGen      total 413696K, used 413667K [0x00000000d5580000, 0x0000000100000000, 0x0000000100000000)
  eden space 373248K, 100% used [0x00000000d5580000,0x00000000ec200000,0x00000000ec200000)
  from space 40448K, 99% used [0x00000000f2980000,0x00000000f50f8de0,0x00000000f5100000)
  to   space 105984K, 0% used [0x00000000ec200000,0x00000000ec200000,0x00000000f2980000)
 ParOldGen       total 327168K, used 243646K [0x0000000080000000, 0x0000000093f80000, 0x00000000d5580000)
  object space 327168K, 74% used [0x0000000080000000,0x000000008edefba0,0x0000000093f80000)
 Metaspace       used 94877K, capacity 99162K, committed 101120K, reserved 1136640K
  class space    used 12552K, capacity 13450K, committed 13824K, reserved 1048576K
Event: 253.355 GC heap after
Heap after GC invocations=19 (full 4):
 PSYoungGen      total 413696K, used 413667K [0x00000000d5580000, 0x0000000100000000, 0x0000000100000000)
  eden space 373248K, 100% used [0x00000000d5580000,0x00000000ec200000,0x00000000ec200000)
  from space 40448K, 99% used [0x00000000f2980000,0x00000000f50f8de0,0x00000000f5100000)
  to   space 105984K, 99% used [0x00000000ec200000,0x00000000f297f448,0x00000000f2980000)
 ParOldGen       total 459776K, used 454349K [0x0000000080000000, 0x000000009c100000, 0x00000000d5580000)
  object space 459776K, 98% used [0x0000000080000000,0x000000009bbb35b0,0x000000009c100000)
 Metaspace       used 94877K, capacity 99162K, committed 101120K, reserved 1136640K
  class space    used 12552K, capacity 13450K, committed 13824K, reserved 1048576K
}
Event: 253.364 GC heap before
{Heap before GC invocations=20 (full 5):
 PSYoungGen      total 413696K, used 413667K [0x00000000d5580000, 0x0000000100000000, 0x0000000100000000)
  eden space 373248K, 100% used [0x00000000d5580000,0x00000000ec200000,0x00000000ec200000)
  from space 40448K, 99% used [0x00000000f2980000,0x00000000f50f8de0,0x00000000f5100000)
  to   space 105984K, 99% used [0x00000000ec200000,0x00000000f297f448,0x00000000f2980000)
 ParOldGen       total 459776K, used 454349K [0x0000000080000000, 0x000000009c100000, 0x00000000d5580000)
  object space 459776K, 98% used [0x0000000080000000,0x000000009bbb35b0,0x000000009c100000)
 Metaspace       used 94877K, capacity 99162K, committed 101120K, reserved 1136640K
  class space    used 12552K, capacity 13450K, committed 13824K, reserved 1048576K
Event: 254.305 GC heap after
Heap after GC invocations=20 (full 5):
 PSYoungGen      total 413696K, used 0K [0x00000000d5580000, 0x0000000100000000, 0x0000000100000000)
  eden space 373248K, 0% used [0x00000000d5580000,0x00000000d5580000,0x00000000ec200000)
  from space 40448K, 0% used [0x00000000f2980000,0x00000000f2980000,0x00000000f5100000)
  to   space 105984K, 0% used [0x00000000ec200000,0x00000000ec200000,0x00000000f2980000)
 ParOldGen       total 459776K, used 402743K [0x0000000080000000, 0x000000009c100000, 0x00000000d5580000)
  object space 459776K, 87% used [0x0000000080000000,0x000000009894dd00,0x000000009c100000)
 Metaspace       used 94861K, capacity 99132K, committed 101120K, reserved 1136640K
  class space    used 12548K, capacity 13443K, committed 13824K, reserved 1048576K
}
Event: 255.777 GC heap before
{Heap before GC invocations=21 (full 6):
 PSYoungGen      total 413696K, used 373248K [0x00000000d5580000, 0x0000000100000000, 0x0000000100000000)
  eden space 373248K, 100% used [0x00000000d5580000,0x00000000ec200000,0x00000000ec200000)
  from space 40448K, 0% used [0x00000000f2980000,0x00000000f2980000,0x00000000f5100000)
  to   space 105984K, 0% used [0x00000000ec200000,0x00000000ec200000,0x00000000f2980000)
 ParOldGen       total 459776K, used 402985K [0x0000000080000000, 0x000000009c100000, 0x00000000d5580000)
  object space 459776K, 87% used [0x0000000080000000,0x000000009898a4e0,0x000000009c100000)
 Metaspace       used 94883K, capacity 99132K, committed 101120K, reserved 1136640K
  class space    used 12549K, capacity 13443K, committed 13824K, reserved 1048576K
Event: 255.936 GC heap after
Heap after GC invocations=21 (full 6):
 PSYoungGen      total 413696K, used 0K [0x00000000d5580000, 0x0000000100000000, 0x0000000100000000)
  eden space 373248K, 0% used [0x00000000d5580000,0x00000000d5580000,0x00000000ec200000)
  from space 40448K, 0% used [0x00000000f2980000,0x00000000f2980000,0x00000000f5100000)
  to   space 105984K, 0% used [0x00000000ec200000,0x00000000ec200000,0x00000000f2980000)
 ParOldGen       total 421376K, used 222058K [0x0000000080000000, 0x0000000099b80000, 0x00000000d5580000)
  object space 421376K, 52% used [0x0000000080000000,0x000000008d8da9d8,0x0000000099b80000)
 Metaspace       used 94883K, capacity 99132K, committed 101120K, reserved 1136640K
  class space    used 12549K, capacity 13443K, committed 13824K, reserved 1048576K
}
Event: 259.389 GC heap before
{Heap before GC invocations=22 (full 6):
 PSYoungGen      total 413696K, used 373248K [0x00000000d5580000, 0x0000000100000000, 0x0000000100000000)
  eden space 373248K, 100% used [0x00000000d5580000,0x00000000ec200000,0x00000000ec200000)
  from space 40448K, 0% used [0x00000000f2980000,0x00000000f2980000,0x00000000f5100000)
  to   space 105984K, 0% used [0x00000000ec200000,0x00000000ec200000,0x00000000f2980000)
 ParOldGen       total 421376K, used 222058K [0x0000000080000000, 0x0000000099b80000, 0x00000000d5580000)
  object space 421376K, 52% used [0x0000000080000000,0x000000008d8da9d8,0x0000000099b80000)
 Metaspace       used 99923K, capacity 104316K, committed 105856K, reserved 1140736K
  class space    used 12969K, capacity 13903K, committed 14208K, reserved 1048576K
Event: 259.407 GC heap after
Heap after GC invocations=22 (full 6):
 PSYoungGen      total 479232K, used 5201K [0x00000000d5580000, 0x0000000100000000, 0x0000000100000000)
  eden space 373248K, 0% used [0x00000000d5580000,0x00000000d5580000,0x00000000ec200000)
  from space 105984K, 4% used [0x00000000ec200000,0x00000000ec714760,0x00000000f2980000)
  to   space 103424K, 0% used [0x00000000f9b00000,0x00000000f9b00000,0x0000000100000000)
 ParOldGen       total 421376K, used 222093K [0x0000000080000000, 0x0000000099b80000, 0x00000000d5580000)
  object space 421376K, 52% used [0x0000000080000000,0x000000008d8e3608,0x0000000099b80000)
 Metaspace       used 99923K, capacity 104316K, committed 105856K, reserved 1140736K
  class space    used 12969K, capacity 13903K, committed 14208K, reserved 1048576K
}

